Starting a Gradle Daemon (subsequent builds will be faster)
> Task :compileJava UP-TO-DATE
> Task :processResources
> Task :classes
> Task :resolveMainClassName UP-TO-DATE

> Task :bootRun

  .   ____          _            __ _ _
 /\\ / ___'_ __ _ _(_)_ __  __ _ \ \ \ \
( ( )\___ | '_ | '_| | '_ \/ _` | \ \ \ \
 \\/  ___)| |_)| | | | | || (_| |  ) ) ) )
  '  |____| .__|_| |_|_| |_\__, | / / / /
 =========|_|==============|___/=/_/_/_/

 :: Spring Boot ::                (v3.3.2)

2026-05-10T01:11:17.665-04:00  INFO 21605 --- [           main] c.g.r.ReserveCampingApplication          : Starting ReserveCampingApplication using Java 21.0.8 with PID 21605 (/Users/ericbeaudoin/GoCampProjects/backend/build/classes/java/main started by ericbeaudoin in /Users/ericbeaudoin/GoCampProjects/backend)
2026-05-10T01:11:17.668-04:00  INFO 21605 --- [           main] c.g.r.ReserveCampingApplication          : No active profile set, falling back to 1 default profile: "default"
2026-05-10T01:11:18.419-04:00  INFO 21605 --- [           main] .s.d.r.c.RepositoryConfigurationDelegate : Bootstrapping Spring Data JPA repositories in DEFAULT mode.
2026-05-10T01:11:18.576-04:00  INFO 21605 --- [           main] .s.d.r.c.RepositoryConfigurationDelegate : Finished Spring Data repository scanning in 149 ms. Found 34 JPA repository interfaces.
2026-05-10T01:11:19.131-04:00  INFO 21605 --- [           main] o.s.b.w.embedded.tomcat.TomcatWebServer  : Tomcat initialized with port 8080 (http)
2026-05-10T01:11:19.143-04:00  INFO 21605 --- [           main] o.apache.catalina.core.StandardService   : Starting service [Tomcat]
2026-05-10T01:11:19.143-04:00  INFO 21605 --- [           main] o.apache.catalina.core.StandardEngine    : Starting Servlet engine: [Apache Tomcat/10.1.26]
2026-05-10T01:11:19.192-04:00  INFO 21605 --- [           main] o.a.c.c.C.[Tomcat].[localhost].[/]       : Initializing Spring embedded WebApplicationContext
2026-05-10T01:11:19.193-04:00  INFO 21605 --- [           main] w.s.c.ServletWebServerApplicationContext : Root WebApplicationContext: initialization completed in 1463 ms
2026-05-10T01:11:19.332-04:00  INFO 21605 --- [           main] o.hibernate.jpa.internal.util.LogHelper  : HHH000204: Processing PersistenceUnitInfo [name: default]
2026-05-10T01:11:19.375-04:00  INFO 21605 --- [           main] org.hibernate.Version                    : HHH000412: Hibernate ORM core version 6.5.2.Final
2026-05-10T01:11:19.403-04:00  INFO 21605 --- [           main] o.h.c.internal.RegionFactoryInitiator    : HHH000026: Second-level cache disabled
2026-05-10T01:11:19.679-04:00  INFO 21605 --- [           main] o.s.o.j.p.SpringPersistenceUnitInfo      : No LoadTimeWeaver setup: ignoring JPA class transformer
2026-05-10T01:11:19.710-04:00  INFO 21605 --- [           main] com.zaxxer.hikari.HikariDataSource       : HikariPool-1 - Starting...
2026-05-10T01:11:19.866-04:00  INFO 21605 --- [           main] com.zaxxer.hikari.pool.HikariPool        : HikariPool-1 - Added connection com.mysql.cj.jdbc.ConnectionImpl@6d001fbe
2026-05-10T01:11:19.868-04:00  INFO 21605 --- [           main] com.zaxxer.hikari.HikariDataSource       : HikariPool-1 - Start completed.
2026-05-10T01:11:19.906-04:00  WARN 21605 --- [           main] org.hibernate.orm.deprecation            : HHH90000025: MySQL8Dialect does not need to be specified explicitly using 'hibernate.dialect' (remove the property setting and it will be selected by default)
2026-05-10T01:11:19.907-04:00  WARN 21605 --- [           main] org.hibernate.orm.deprecation            : HHH90000026: MySQL8Dialect has been deprecated; use org.hibernate.dialect.MySQLDialect instead
2026-05-10T01:11:21.473-04:00  INFO 21605 --- [           main] o.h.e.t.j.p.i.JtaPlatformInitiator       : HHH000489: No JTA platform available (set 'hibernate.transaction.jta.platform' to enable JTA platform integration)
2026-05-10T01:11:21.539-04:00 DEBUG 21605 --- [           main] org.hibernate.SQL                        : 
    alter table campground_map_element 
       modify column polygon_json TEXT
Hibernate: 
    alter table campground_map_element 
       modify column polygon_json TEXT
2026-05-10T01:11:21.553-04:00 DEBUG 21605 --- [           main] org.hibernate.SQL                        : 
    alter table campsite 
       modify column map_polygon_json TEXT
Hibernate: 
    alter table campsite 
       modify column map_polygon_json TEXT
2026-05-10T01:11:21.904-04:00  INFO 21605 --- [           main] j.LocalContainerEntityManagerFactoryBean : Initialized JPA EntityManagerFactory for persistence unit 'default'
2026-05-10T01:11:22.427-04:00  INFO 21605 --- [           main] o.s.d.j.r.query.QueryEnhancerFactory     : Hibernate is in classpath; If applicable, HQL parser will be used.
2026-05-10T01:11:23.215-04:00  WARN 21605 --- [           main] JpaBaseConfiguration$JpaWebConfiguration : spring.jpa.open-in-view is enabled by default. Therefore, database queries may be performed during view rendering. Explicitly configure spring.jpa.open-in-view to disable this warning
2026-05-10T01:11:23.265-04:00  INFO 21605 --- [           main] eAuthenticationProviderManagerConfigurer : Global AuthenticationManager configured with AuthenticationProvider bean with name authenticationProvider
2026-05-10T01:11:23.266-04:00  WARN 21605 --- [           main] r$InitializeUserDetailsManagerConfigurer : Global AuthenticationManager configured with an AuthenticationProvider bean. UserDetailsService beans will not be used for username/password login. Consider removing the AuthenticationProvider bean. Alternatively, consider using the UserDetailsService in a manually instantiated DaoAuthenticationProvider.
2026-05-10T01:11:23.704-04:00  INFO 21605 --- [           main] o.s.b.w.embedded.tomcat.TomcatWebServer  : Tomcat started on port 8080 (http) with context path '/'
2026-05-10T01:11:23.712-04:00  INFO 21605 --- [           main] c.g.r.ReserveCampingApplication          : Started ReserveCampingApplication in 6.458 seconds (process running for 6.819)
2026-05-10T01:11:57.228-04:00  INFO 21605 --- [nio-8080-exec-1] o.a.c.c.C.[Tomcat].[localhost].[/]       : Initializing Spring DispatcherServlet 'dispatcherServlet'
2026-05-10T01:11:57.228-04:00  INFO 21605 --- [nio-8080-exec-1] o.s.web.servlet.DispatcherServlet        : Initializing Servlet 'dispatcherServlet'
2026-05-10T01:11:57.230-04:00  INFO 21605 --- [nio-8080-exec-1] o.s.web.servlet.DispatcherServlet        : Completed initialization in 2 ms
2026-05-10T01:11:57.421-04:00 DEBUG 21605 --- [nio-8080-exec-2] org.hibernate.SQL                        : 
    select
        u1_0.id,
        u1_0.address,
        u1_0.city,
        u1_0.country_id,
        u1_0.email,
        u1_0.equipment_length,
        u1_0.equipment_type,
        u1_0.firstname,
        u1_0.has_slide_out,
        u1_0.lastname,
        u1_0.password,
        u1_0.phone,
        u1_0.postal_code,
        u1_0.province_state_id,
        u1_0.role_id 
    from
        users u1_0 
    where
        u1_0.email=?
Hibernate: 
    select
        u1_0.id,
        u1_0.address,
        u1_0.city,
        u1_0.country_id,
        u1_0.email,
        u1_0.equipment_length,
        u1_0.equipment_type,
        u1_0.firstname,
        u1_0.has_slide_out,
        u1_0.lastname,
        u1_0.password,
        u1_0.phone,
        u1_0.postal_code,
        u1_0.province_state_id,
        u1_0.role_id 
    from
        users u1_0 
    where
        u1_0.email=?
2026-05-10T01:11:57.423-04:00 TRACE 21605 --- [nio-8080-exec-2] org.hibernate.orm.jdbc.bind              : binding parameter (1:VARCHAR) <- [a@a.com]
2026-05-10T01:11:57.433-04:00 DEBUG 21605 --- [nio-8080-exec-2] org.hibernate.SQL                        : 
    select
        c1_0.id,
        c1_0.code,
        c1_0.name 
    from
        country c1_0 
    where
        c1_0.id=?
Hibernate: 
    select
        c1_0.id,
        c1_0.code,
        c1_0.name 
    from
        country c1_0 
    where
        c1_0.id=?
2026-05-10T01:11:57.434-04:00 TRACE 21605 --- [nio-8080-exec-2] org.hibernate.orm.jdbc.bind              : binding parameter (1:BIGINT) <- [1]
2026-05-10T01:11:57.450-04:00 DEBUG 21605 --- [nio-8080-exec-2] org.hibernate.SQL                        : 
    select
        ps1_0.id,
        ps1_0.code,
        ps1_0.country_id,
        ps1_0.name 
    from
        province_state ps1_0 
    where
        ps1_0.id=?
Hibernate: 
    select
        ps1_0.id,
        ps1_0.code,
        ps1_0.country_id,
        ps1_0.name 
    from
        province_state ps1_0 
    where
        ps1_0.id=?
2026-05-10T01:11:57.451-04:00 TRACE 21605 --- [nio-8080-exec-2] org.hibernate.orm.jdbc.bind              : binding parameter (1:BIGINT) <- [9]
2026-05-10T01:11:57.452-04:00 DEBUG 21605 --- [nio-8080-exec-2] org.hibernate.SQL                        : 
    select
        r1_0.id,
        r1_0.name 
    from
        roles r1_0 
    where
        r1_0.id=?
Hibernate: 
    select
        r1_0.id,
        r1_0.name 
    from
        roles r1_0 
    where
        r1_0.id=?
2026-05-10T01:11:57.453-04:00 TRACE 21605 --- [nio-8080-exec-2] org.hibernate.orm.jdbc.bind              : binding parameter (1:BIGINT) <- [4]
2026-05-10T01:11:57.695-04:00 DEBUG 21605 --- [nio-8080-exec-6] org.hibernate.SQL                        : 
    select
        u1_0.id,
        u1_0.address,
        u1_0.city,
        u1_0.country_id,
        u1_0.email,
        u1_0.equipment_length,
        u1_0.equipment_type,
        u1_0.firstname,
        u1_0.has_slide_out,
        u1_0.lastname,
        u1_0.password,
        u1_0.phone,
        u1_0.postal_code,
        u1_0.province_state_id,
        u1_0.role_id 
    from
        users u1_0 
    where
        u1_0.email=?
2026-05-10T01:11:57.695-04:00 DEBUG 21605 --- [nio-8080-exec-5] org.hibernate.SQL                        : 
    select
        u1_0.id,
        u1_0.address,
        u1_0.city,
        u1_0.country_id,
        u1_0.email,
        u1_0.equipment_length,
        u1_0.equipment_type,
        u1_0.firstname,
        u1_0.has_slide_out,
        u1_0.lastname,
        u1_0.password,
        u1_0.phone,
        u1_0.postal_code,
        u1_0.province_state_id,
        u1_0.role_id 
    from
        users u1_0 
    where
        u1_0.email=?
Hibernate: 
    select
        u1_0.id,
        u1_0.address,
        u1_0.city,
        u1_0.country_id,
        u1_0.email,
        u1_0.equipment_length,
        u1_0.equipment_type,
        u1_0.firstname,
        u1_0.has_slide_out,
        u1_0.lastname,
        u1_0.password,
        u1_0.phone,
        u1_0.postal_code,
        u1_0.province_state_id,
        u1_0.role_id 
    from
        users u1_0 
    where
        u1_0.email=?
Hibernate: 
    select
        u1_0.id,
        u1_0.address,
        u1_0.city,
        u1_0.country_id,
        u1_0.email,
        u1_0.equipment_length,
        u1_0.equipment_type,
        u1_0.firstname,
        u1_0.has_slide_out,
        u1_0.lastname,
        u1_0.password,
        u1_0.phone,
        u1_0.postal_code,
        u1_0.province_state_id,
        u1_0.role_id 
    from
        users u1_0 
    where
        u1_0.email=?
2026-05-10T01:11:57.695-04:00 TRACE 21605 --- [nio-8080-exec-6] org.hibernate.orm.jdbc.bind              : binding parameter (1:VARCHAR) <- [a@a.com]
2026-05-10T01:11:57.695-04:00 TRACE 21605 --- [nio-8080-exec-5] org.hibernate.orm.jdbc.bind              : binding parameter (1:VARCHAR) <- [a@a.com]
2026-05-10T01:11:57.696-04:00 DEBUG 21605 --- [nio-8080-exec-5] org.hibernate.SQL                        : 
    select
        c1_0.id,
        c1_0.code,
        c1_0.name 
    from
        country c1_0 
    where
        c1_0.id=?
Hibernate: 
    select
        c1_0.id,
        c1_0.code,
        c1_0.name 
    from
        country c1_0 
    where
        c1_0.id=?
2026-05-10T01:11:57.697-04:00 TRACE 21605 --- [nio-8080-exec-5] org.hibernate.orm.jdbc.bind              : binding parameter (1:BIGINT) <- [1]
2026-05-10T01:11:57.697-04:00 DEBUG 21605 --- [nio-8080-exec-6] org.hibernate.SQL                        : 
    select
        c1_0.id,
        c1_0.code,
        c1_0.name 
    from
        country c1_0 
    where
        c1_0.id=?
Hibernate: 
    select
        c1_0.id,
        c1_0.code,
        c1_0.name 
    from
        country c1_0 
    where
        c1_0.id=?
2026-05-10T01:11:57.697-04:00 TRACE 21605 --- [nio-8080-exec-6] org.hibernate.orm.jdbc.bind              : binding parameter (1:BIGINT) <- [1]
2026-05-10T01:11:57.699-04:00 DEBUG 21605 --- [nio-8080-exec-6] org.hibernate.SQL                        : 
    select
        ps1_0.id,
        ps1_0.code,
        ps1_0.country_id,
        ps1_0.name 
    from
        province_state ps1_0 
    where
        ps1_0.id=?
Hibernate: 
    select
        ps1_0.id,
        ps1_0.code,
        ps1_0.country_id,
        ps1_0.name 
    from
        province_state ps1_0 
    where
        ps1_0.id=?
2026-05-10T01:11:57.699-04:00 TRACE 21605 --- [nio-8080-exec-6] org.hibernate.orm.jdbc.bind              : binding parameter (1:BIGINT) <- [9]
2026-05-10T01:11:57.699-04:00 DEBUG 21605 --- [nio-8080-exec-5] org.hibernate.SQL                        : 
    select
        ps1_0.id,
        ps1_0.code,
        ps1_0.country_id,
        ps1_0.name 
    from
        province_state ps1_0 
    where
        ps1_0.id=?
Hibernate: 
    select
        ps1_0.id,
        ps1_0.code,
        ps1_0.country_id,
        ps1_0.name 
    from
        province_state ps1_0 
    where
        ps1_0.id=?
2026-05-10T01:11:57.701-04:00 TRACE 21605 --- [nio-8080-exec-5] org.hibernate.orm.jdbc.bind              : binding parameter (1:BIGINT) <- [9]
2026-05-10T01:11:57.702-04:00 DEBUG 21605 --- [nio-8080-exec-6] org.hibernate.SQL                        : 
    select
        r1_0.id,
        r1_0.name 
    from
        roles r1_0 
    where
        r1_0.id=?
Hibernate: 
    select
        r1_0.id,
        r1_0.name 
    from
        roles r1_0 
    where
        r1_0.id=?
2026-05-10T01:11:57.703-04:00 TRACE 21605 --- [nio-8080-exec-6] org.hibernate.orm.jdbc.bind              : binding parameter (1:BIGINT) <- [4]
2026-05-10T01:11:57.704-04:00 DEBUG 21605 --- [nio-8080-exec-5] org.hibernate.SQL                        : 
    select
        r1_0.id,
        r1_0.name 
    from
        roles r1_0 
    where
        r1_0.id=?
Hibernate: 
    select
        r1_0.id,
        r1_0.name 
    from
        roles r1_0 
    where
        r1_0.id=?
2026-05-10T01:11:57.705-04:00 TRACE 21605 --- [nio-8080-exec-5] org.hibernate.orm.jdbc.bind              : binding parameter (1:BIGINT) <- [4]
2026-05-10T01:11:57.734-04:00 DEBUG 21605 --- [nio-8080-exec-5] org.hibernate.SQL                        : 
    select
        u1_0.id,
        u1_0.address,
        u1_0.city,
        u1_0.country_id,
        u1_0.email,
        u1_0.equipment_length,
        u1_0.equipment_type,
        u1_0.firstname,
        u1_0.has_slide_out,
        u1_0.lastname,
        u1_0.password,
        u1_0.phone,
        u1_0.postal_code,
        u1_0.province_state_id,
        u1_0.role_id 
    from
        users u1_0 
    where
        u1_0.email=?
Hibernate: 
    select
        u1_0.id,
        u1_0.address,
        u1_0.city,
        u1_0.country_id,
        u1_0.email,
        u1_0.equipment_length,
        u1_0.equipment_type,
        u1_0.firstname,
        u1_0.has_slide_out,
        u1_0.lastname,
        u1_0.password,
        u1_0.phone,
        u1_0.postal_code,
        u1_0.province_state_id,
        u1_0.role_id 
    from
        users u1_0 
    where
        u1_0.email=?
2026-05-10T01:11:57.734-04:00 DEBUG 21605 --- [nio-8080-exec-6] org.hibernate.SQL                        : 
    select
        u1_0.id,
        u1_0.address,
        u1_0.city,
        u1_0.country_id,
        u1_0.email,
        u1_0.equipment_length,
        u1_0.equipment_type,
        u1_0.firstname,
        u1_0.has_slide_out,
        u1_0.lastname,
        u1_0.password,
        u1_0.phone,
        u1_0.postal_code,
        u1_0.province_state_id,
        u1_0.role_id 
    from
        users u1_0 
    where
        u1_0.email=?
Hibernate: 
    select
        u1_0.id,
        u1_0.address,
        u1_0.city,
        u1_0.country_id,
        u1_0.email,
        u1_0.equipment_length,
        u1_0.equipment_type,
        u1_0.firstname,
        u1_0.has_slide_out,
        u1_0.lastname,
        u1_0.password,
        u1_0.phone,
        u1_0.postal_code,
        u1_0.province_state_id,
        u1_0.role_id 
    from
        users u1_0 
    where
        u1_0.email=?
2026-05-10T01:11:57.734-04:00 TRACE 21605 --- [nio-8080-exec-5] org.hibernate.orm.jdbc.bind              : binding parameter (1:VARCHAR) <- [a@a.com]
2026-05-10T01:11:57.734-04:00 TRACE 21605 --- [nio-8080-exec-6] org.hibernate.orm.jdbc.bind              : binding parameter (1:VARCHAR) <- [a@a.com]
2026-05-10T01:11:57.736-04:00 DEBUG 21605 --- [nio-8080-exec-5] org.hibernate.SQL                        : 
    select
        c1_0.id,
        c1_0.code,
        c1_0.name 
    from
        country c1_0 
    where
        c1_0.id=?
Hibernate: 
    select
        c1_0.id,
        c1_0.code,
        c1_0.name 
    from
        country c1_0 
    where
        c1_0.id=?
2026-05-10T01:11:57.737-04:00 TRACE 21605 --- [nio-8080-exec-5] org.hibernate.orm.jdbc.bind              : binding parameter (1:BIGINT) <- [1]
2026-05-10T01:11:57.740-04:00 DEBUG 21605 --- [nio-8080-exec-6] org.hibernate.SQL                        : 
    select
        c1_0.id,
        c1_0.code,
        c1_0.name 
    from
        country c1_0 
    where
        c1_0.id=?
Hibernate: 
    select
        c1_0.id,
        c1_0.code,
        c1_0.name 
    from
        country c1_0 
    where
        c1_0.id=?
2026-05-10T01:11:57.740-04:00 TRACE 21605 --- [nio-8080-exec-6] org.hibernate.orm.jdbc.bind              : binding parameter (1:BIGINT) <- [1]
2026-05-10T01:11:57.742-04:00 DEBUG 21605 --- [nio-8080-exec-5] org.hibernate.SQL                        : 
    select
        ps1_0.id,
        ps1_0.code,
        ps1_0.country_id,
        ps1_0.name 
    from
        province_state ps1_0 
    where
        ps1_0.id=?
Hibernate: 
    select
        ps1_0.id,
        ps1_0.code,
        ps1_0.country_id,
        ps1_0.name 
    from
        province_state ps1_0 
    where
        ps1_0.id=?
2026-05-10T01:11:57.742-04:00 TRACE 21605 --- [nio-8080-exec-5] org.hibernate.orm.jdbc.bind              : binding parameter (1:BIGINT) <- [9]
2026-05-10T01:11:57.746-04:00 DEBUG 21605 --- [nio-8080-exec-6] org.hibernate.SQL                        : 
    select
        ps1_0.id,
        ps1_0.code,
        ps1_0.country_id,
        ps1_0.name 
    from
        province_state ps1_0 
    where
        ps1_0.id=?
Hibernate: 
    select
        ps1_0.id,
        ps1_0.code,
        ps1_0.country_id,
        ps1_0.name 
    from
        province_state ps1_0 
    where
        ps1_0.id=?
2026-05-10T01:11:57.746-04:00 DEBUG 21605 --- [nio-8080-exec-5] org.hibernate.SQL                        : 
    select
        r1_0.id,
        r1_0.name 
    from
        roles r1_0 
    where
        r1_0.id=?
Hibernate: 
    select
        r1_0.id,
        r1_0.name 
    from
        roles r1_0 
    where
        r1_0.id=?
2026-05-10T01:11:57.746-04:00 TRACE 21605 --- [nio-8080-exec-6] org.hibernate.orm.jdbc.bind              : binding parameter (1:BIGINT) <- [9]
2026-05-10T01:11:57.747-04:00 TRACE 21605 --- [nio-8080-exec-5] org.hibernate.orm.jdbc.bind              : binding parameter (1:BIGINT) <- [4]
2026-05-10T01:11:57.748-04:00 DEBUG 21605 --- [nio-8080-exec-6] org.hibernate.SQL                        : 
    select
        r1_0.id,
        r1_0.name 
    from
        roles r1_0 
    where
        r1_0.id=?
Hibernate: 
    select
        r1_0.id,
        r1_0.name 
    from
        roles r1_0 
    where
        r1_0.id=?
2026-05-10T01:11:57.749-04:00 TRACE 21605 --- [nio-8080-exec-6] org.hibernate.orm.jdbc.bind              : binding parameter (1:BIGINT) <- [4]
2026-05-10T01:12:31.692-04:00 DEBUG 21605 --- [nio-8080-exec-8] org.hibernate.SQL                        : 
    select
        u1_0.id,
        u1_0.address,
        u1_0.city,
        u1_0.country_id,
        u1_0.email,
        u1_0.equipment_length,
        u1_0.equipment_type,
        u1_0.firstname,
        u1_0.has_slide_out,
        u1_0.lastname,
        u1_0.password,
        u1_0.phone,
        u1_0.postal_code,
        u1_0.province_state_id,
        u1_0.role_id 
    from
        users u1_0 
    where
        u1_0.email=?
Hibernate: 
    select
        u1_0.id,
        u1_0.address,
        u1_0.city,
        u1_0.country_id,
        u1_0.email,
        u1_0.equipment_length,
        u1_0.equipment_type,
        u1_0.firstname,
        u1_0.has_slide_out,
        u1_0.lastname,
        u1_0.password,
        u1_0.phone,
        u1_0.postal_code,
        u1_0.province_state_id,
        u1_0.role_id 
    from
        users u1_0 
    where
        u1_0.email=?
2026-05-10T01:12:31.693-04:00 TRACE 21605 --- [nio-8080-exec-8] org.hibernate.orm.jdbc.bind              : binding parameter (1:VARCHAR) <- [a@a.com]
2026-05-10T01:12:31.694-04:00 DEBUG 21605 --- [nio-8080-exec-8] org.hibernate.SQL                        : 
    select
        c1_0.id,
        c1_0.code,
        c1_0.name 
    from
        country c1_0 
    where
        c1_0.id=?
Hibernate: 
    select
        c1_0.id,
        c1_0.code,
        c1_0.name 
    from
        country c1_0 
    where
        c1_0.id=?
2026-05-10T01:12:31.695-04:00 TRACE 21605 --- [nio-8080-exec-8] org.hibernate.orm.jdbc.bind              : binding parameter (1:BIGINT) <- [1]
2026-05-10T01:12:31.698-04:00 DEBUG 21605 --- [nio-8080-exec-8] org.hibernate.SQL                        : 
    select
        ps1_0.id,
        ps1_0.code,
        ps1_0.country_id,
        ps1_0.name 
    from
        province_state ps1_0 
    where
        ps1_0.id=?
Hibernate: 
    select
        ps1_0.id,
        ps1_0.code,
        ps1_0.country_id,
        ps1_0.name 
    from
        province_state ps1_0 
    where
        ps1_0.id=?
2026-05-10T01:12:31.698-04:00 TRACE 21605 --- [nio-8080-exec-8] org.hibernate.orm.jdbc.bind              : binding parameter (1:BIGINT) <- [9]
2026-05-10T01:12:31.700-04:00 DEBUG 21605 --- [nio-8080-exec-8] org.hibernate.SQL                        : 
    select
        r1_0.id,
        r1_0.name 
    from
        roles r1_0 
    where
        r1_0.id=?
Hibernate: 
    select
        r1_0.id,
        r1_0.name 
    from
        roles r1_0 
    where
        r1_0.id=?
2026-05-10T01:12:31.701-04:00 TRACE 21605 --- [nio-8080-exec-8] org.hibernate.orm.jdbc.bind              : binding parameter (1:BIGINT) <- [4]
2026-05-10T01:12:31.739-04:00 DEBUG 21605 --- [nio-8080-exec-8] org.hibernate.SQL                        : 
    select
        ev1_0.id,
        ev1_0.actif,
        ev1_0.default_requires_15_20_amp,
        ev1_0.default_requires_30_amp,
        ev1_0.default_requires_50_amp,
        ev1_0.default_requires_electricity,
        ev1_0.default_requires_sewer,
        ev1_0.default_requires_water,
        ev1_0.extension_conducteur,
        ev1_0.extension_passager,
        ev1_0.has_extension,
        ev1_0.longueur,
        ev1_0.marque,
        ev1_0.modele,
        ev1_0.no_plaque,
        ev1_0.no_serie,
        ev1_0.user_id 
    from
        equipement_vr ev1_0 
    where
        ev1_0.user_id=?
Hibernate: 
    select
        ev1_0.id,
        ev1_0.actif,
        ev1_0.default_requires_15_20_amp,
        ev1_0.default_requires_30_amp,
        ev1_0.default_requires_50_amp,
        ev1_0.default_requires_electricity,
        ev1_0.default_requires_sewer,
        ev1_0.default_requires_water,
        ev1_0.extension_conducteur,
        ev1_0.extension_passager,
        ev1_0.has_extension,
        ev1_0.longueur,
        ev1_0.marque,
        ev1_0.modele,
        ev1_0.no_plaque,
        ev1_0.no_serie,
        ev1_0.user_id 
    from
        equipement_vr ev1_0 
    where
        ev1_0.user_id=?
2026-05-10T01:12:31.740-04:00 TRACE 21605 --- [nio-8080-exec-8] org.hibernate.orm.jdbc.bind              : binding parameter (1:BIGINT) <- [11]
2026-05-10T01:12:31.743-04:00 DEBUG 21605 --- [nio-8080-exec-8] org.hibernate.SQL                        : 
    select
        u1_0.id,
        u1_0.address,
        u1_0.city,
        u1_0.country_id,
        c1_0.id,
        c1_0.code,
        c1_0.name,
        u1_0.email,
        u1_0.equipment_length,
        u1_0.equipment_type,
        u1_0.firstname,
        u1_0.has_slide_out,
        u1_0.lastname,
        u1_0.password,
        u1_0.phone,
        u1_0.postal_code,
        u1_0.province_state_id,
        ps1_0.id,
        ps1_0.code,
        ps1_0.country_id,
        ps1_0.name,
        u1_0.role_id,
        r1_0.id,
        r1_0.name 
    from
        users u1_0 
    join
        country c1_0 
            on c1_0.id=u1_0.country_id 
    join
        province_state ps1_0 
            on ps1_0.id=u1_0.province_state_id 
    join
        roles r1_0 
            on r1_0.id=u1_0.role_id 
    where
        u1_0.id=?
Hibernate: 
    select
        u1_0.id,
        u1_0.address,
        u1_0.city,
        u1_0.country_id,
        c1_0.id,
        c1_0.code,
        c1_0.name,
        u1_0.email,
        u1_0.equipment_length,
        u1_0.equipment_type,
        u1_0.firstname,
        u1_0.has_slide_out,
        u1_0.lastname,
        u1_0.password,
        u1_0.phone,
        u1_0.postal_code,
        u1_0.province_state_id,
        ps1_0.id,
        ps1_0.code,
        ps1_0.country_id,
        ps1_0.name,
        u1_0.role_id,
        r1_0.id,
        r1_0.name 
    from
        users u1_0 
    join
        country c1_0 
            on c1_0.id=u1_0.country_id 
    join
        province_state ps1_0 
            on ps1_0.id=u1_0.province_state_id 
    join
        roles r1_0 
            on r1_0.id=u1_0.role_id 
    where
        u1_0.id=?
2026-05-10T01:12:31.743-04:00 TRACE 21605 --- [nio-8080-exec-8] org.hibernate.orm.jdbc.bind              : binding parameter (1:BIGINT) <- [11]
2026-05-10T01:12:31.750-04:00 DEBUG 21605 --- [nio-8080-exec-8] org.hibernate.SQL                        : 
    select
        ev1_0.id,
        ev1_0.actif,
        ev1_0.default_requires_15_20_amp,
        ev1_0.default_requires_30_amp,
        ev1_0.default_requires_50_amp,
        ev1_0.default_requires_electricity,
        ev1_0.default_requires_sewer,
        ev1_0.default_requires_water,
        ev1_0.extension_conducteur,
        ev1_0.extension_passager,
        ev1_0.has_extension,
        ev1_0.longueur,
        ev1_0.marque,
        ev1_0.modele,
        ev1_0.no_plaque,
        ev1_0.no_serie,
        ev1_0.user_id 
    from
        equipement_vr ev1_0 
    where
        ev1_0.user_id=?
Hibernate: 
    select
        ev1_0.id,
        ev1_0.actif,
        ev1_0.default_requires_15_20_amp,
        ev1_0.default_requires_30_amp,
        ev1_0.default_requires_50_amp,
        ev1_0.default_requires_electricity,
        ev1_0.default_requires_sewer,
        ev1_0.default_requires_water,
        ev1_0.extension_conducteur,
        ev1_0.extension_passager,
        ev1_0.has_extension,
        ev1_0.longueur,
        ev1_0.marque,
        ev1_0.modele,
        ev1_0.no_plaque,
        ev1_0.no_serie,
        ev1_0.user_id 
    from
        equipement_vr ev1_0 
    where
        ev1_0.user_id=?
2026-05-10T01:12:31.751-04:00 TRACE 21605 --- [nio-8080-exec-8] org.hibernate.orm.jdbc.bind              : binding parameter (1:BIGINT) <- [11]
2026-05-10T01:12:31.776-04:00 DEBUG 21605 --- [nio-8080-exec-8] org.hibernate.SQL                        : 
    SELECT
        cg.id,
        cg.name,
        cg.gps_latitude,
        cg.gps_longitude,
        CASE         
            WHEN ? IS NOT NULL          
            AND ? IS NOT NULL         
                THEN (             6371 * acos(                 cos(radians(?))                 * cos(radians(cg.gps_latitude))                 * cos(radians(cg.gps_longitude) - radians(?))                 + sin(radians(?))                 * sin(radians(cg.gps_latitude))             )         )         
            ELSE 0     
    END AS distance_km,
    cs.id,
    cs.site_code,
    cs.max_equipment_length_feet,
    (         SELECT
        cp.thumbnail_path         
    FROM
        campsite_photo cp         
    WHERE
        cp.campsite_id = cs.id           
        AND cp.is_active = true         
    ORDER BY
        cp.is_primary DESC,
        cp.display_order ASC,
        cp.id ASC         
    LIMIT
        1 
    OFFSET
        0     ) AS photo_url_1,
    (         SELECT
        cp.thumbnail_path         
    FROM
        campsite_photo cp         
    WHERE
        cp.campsite_id = cs.id           
        AND cp.is_active = true         
    ORDER BY
        cp.is_primary DESC,
        cp.display_order ASC,
        cp.id ASC         
    LIMIT
        1 
    OFFSET
        1     ) AS photo_url_2,
    (         SELECT
        cp.thumbnail_path         
    FROM
        campsite_photo cp         
    WHERE
        cp.campsite_id = cs.id           
        AND cp.is_active = true         
    ORDER BY
        cp.is_primary DESC,
        cp.display_order ASC,
        cp.id ASC         
    LIMIT
        1 
    OFFSET
        2     ) AS photo_url_3,
    cs.is_pull_through,
    sst.code,
    sst.name_fr,
    (         SELECT
        GROUP_CONCAT(             CONCAT_WS('|', st.code, st.name_fr)             SEPARATOR ';;'         )         
    FROM
        campsite_surface_type cst         
    INNER JOIN
        site_surface_type st             
            ON st.id = cst.site_surface_type_id         
    WHERE
        cst.campsite_id = cs.id     ) AS surface_values,
    cs.has_water,
    cs.has_electricity,
    cs.has_sewer,
    cs.has_15_20_amp,
    cs.has_30_amp,
    cs.has_50_amp,
    (         SELECT
        GROUP_CONCAT(DISTINCT srv.code SEPARATOR ',')         
    FROM
        campground_service csrv         
    INNER JOIN
        service srv             
            ON srv.id = csrv.service_id         
    WHERE
        csrv.campground_id = cg.id     ) AS campground_service_codes,
    (         SELECT
        GROUP_CONCAT(DISTINCT act.code SEPARATOR ',')         
    FROM
        campground_activity ca         
    INNER JOIN
        activity act             
            ON act.id = ca.activity_id         
    WHERE
        ca.campground_id = cg.id     ) AS activity_codes  
FROM
    campground cg 
INNER JOIN
    campsite cs     
        ON cs.campground_id = cg.id 
LEFT JOIN
    site_service_type sst     
        ON sst.id = cs.site_service_type_id  
WHERE
    cs.is_active = true   
    AND (
        ? IS NULL 
        OR cg.id = ?
    )   
    AND cg.gps_latitude IS NOT NULL   
    AND cg.gps_longitude IS NOT NULL   
    AND (
        ? IS NULL         
        OR cs.max_equipment_length_feet IS NULL         
        OR cs.max_equipment_length_feet >= ?   
    )   
    AND NOT EXISTS (       SELECT
        1       
    FROM
        reservations r       
    WHERE
        r.campsite_id = cs.id         
        AND r.status IN ('PENDING', 'CONFIRMED')         
        AND r.arrival_date < ?         
        AND r.departure_date > ?   )  
HAVING
    ? IS NOT NULL     
    OR ? IS NULL     
    OR distance_km <= ?  
ORDER BY
    distance_km ASC,
    cg.name ASC,
    cs.site_code ASC 
Hibernate: 
    SELECT
        cg.id,
        cg.name,
        cg.gps_latitude,
        cg.gps_longitude,
        CASE         
            WHEN ? IS NOT NULL          
            AND ? IS NOT NULL         
                THEN (             6371 * acos(                 cos(radians(?))                 * cos(radians(cg.gps_latitude))                 * cos(radians(cg.gps_longitude) - radians(?))                 + sin(radians(?))                 * sin(radians(cg.gps_latitude))             )         )         
            ELSE 0     
    END AS distance_km,
    cs.id,
    cs.site_code,
    cs.max_equipment_length_feet,
    (         SELECT
        cp.thumbnail_path         
    FROM
        campsite_photo cp         
    WHERE
        cp.campsite_id = cs.id           
        AND cp.is_active = true         
    ORDER BY
        cp.is_primary DESC,
        cp.display_order ASC,
        cp.id ASC         
    LIMIT
        1 
    OFFSET
        0     ) AS photo_url_1,
    (         SELECT
        cp.thumbnail_path         
    FROM
        campsite_photo cp         
    WHERE
        cp.campsite_id = cs.id           
        AND cp.is_active = true         
    ORDER BY
        cp.is_primary DESC,
        cp.display_order ASC,
        cp.id ASC         
    LIMIT
        1 
    OFFSET
        1     ) AS photo_url_2,
    (         SELECT
        cp.thumbnail_path         
    FROM
        campsite_photo cp         
    WHERE
        cp.campsite_id = cs.id           
        AND cp.is_active = true         
    ORDER BY
        cp.is_primary DESC,
        cp.display_order ASC,
        cp.id ASC         
    LIMIT
        1 
    OFFSET
        2     ) AS photo_url_3,
    cs.is_pull_through,
    sst.code,
    sst.name_fr,
    (         SELECT
        GROUP_CONCAT(             CONCAT_WS('|', st.code, st.name_fr)             SEPARATOR ';;'         )         
    FROM
        campsite_surface_type cst         
    INNER JOIN
        site_surface_type st             
            ON st.id = cst.site_surface_type_id         
    WHERE
        cst.campsite_id = cs.id     ) AS surface_values,
    cs.has_water,
    cs.has_electricity,
    cs.has_sewer,
    cs.has_15_20_amp,
    cs.has_30_amp,
    cs.has_50_amp,
    (         SELECT
        GROUP_CONCAT(DISTINCT srv.code SEPARATOR ',')         
    FROM
        campground_service csrv         
    INNER JOIN
        service srv             
            ON srv.id = csrv.service_id         
    WHERE
        csrv.campground_id = cg.id     ) AS campground_service_codes,
    (         SELECT
        GROUP_CONCAT(DISTINCT act.code SEPARATOR ',')         
    FROM
        campground_activity ca         
    INNER JOIN
        activity act             
            ON act.id = ca.activity_id         
    WHERE
        ca.campground_id = cg.id     ) AS activity_codes  
FROM
    campground cg 
INNER JOIN
    campsite cs     
        ON cs.campground_id = cg.id 
LEFT JOIN
    site_service_type sst     
        ON sst.id = cs.site_service_type_id  
WHERE
    cs.is_active = true   
    AND (
        ? IS NULL 
        OR cg.id = ?
    )   
    AND cg.gps_latitude IS NOT NULL   
    AND cg.gps_longitude IS NOT NULL   
    AND (
        ? IS NULL         
        OR cs.max_equipment_length_feet IS NULL         
        OR cs.max_equipment_length_feet >= ?   
    )   
    AND NOT EXISTS (       SELECT
        1       
    FROM
        reservations r       
    WHERE
        r.campsite_id = cs.id         
        AND r.status IN ('PENDING', 'CONFIRMED')         
        AND r.arrival_date < ?         
        AND r.departure_date > ?   )  
HAVING
    ? IS NOT NULL     
    OR ? IS NULL     
    OR distance_km <= ?  
ORDER BY
    distance_km ASC,
    cg.name ASC,
    cs.site_code ASC 
2026-05-10T01:12:31.777-04:00 TRACE 21605 --- [nio-8080-exec-8] org.hibernate.orm.jdbc.bind              : binding parameter (1:NUMERIC) <- [46.8139]
2026-05-10T01:12:31.777-04:00 TRACE 21605 --- [nio-8080-exec-8] org.hibernate.orm.jdbc.bind              : binding parameter (2:NUMERIC) <- [-71.208]
2026-05-10T01:12:31.778-04:00 TRACE 21605 --- [nio-8080-exec-8] org.hibernate.orm.jdbc.bind              : binding parameter (3:NUMERIC) <- [46.8139]
2026-05-10T01:12:31.778-04:00 TRACE 21605 --- [nio-8080-exec-8] org.hibernate.orm.jdbc.bind              : binding parameter (4:NUMERIC) <- [-71.208]
2026-05-10T01:12:31.778-04:00 TRACE 21605 --- [nio-8080-exec-8] org.hibernate.orm.jdbc.bind              : binding parameter (5:NUMERIC) <- [46.8139]
2026-05-10T01:12:31.778-04:00 TRACE 21605 --- [nio-8080-exec-8] org.hibernate.orm.jdbc.bind              : binding parameter (6:NULL) <- [null]
2026-05-10T01:12:31.778-04:00 TRACE 21605 --- [nio-8080-exec-8] org.hibernate.orm.jdbc.bind              : binding parameter (7:NULL) <- [null]
2026-05-10T01:12:31.778-04:00 TRACE 21605 --- [nio-8080-exec-8] org.hibernate.orm.jdbc.bind              : binding parameter (8:NUMERIC) <- [37]
2026-05-10T01:12:31.778-04:00 TRACE 21605 --- [nio-8080-exec-8] org.hibernate.orm.jdbc.bind              : binding parameter (9:NUMERIC) <- [37]
2026-05-10T01:12:31.778-04:00 TRACE 21605 --- [nio-8080-exec-8] org.hibernate.orm.jdbc.bind              : binding parameter (10:DATE) <- [2026-05-15]
2026-05-10T01:12:31.779-04:00 TRACE 21605 --- [nio-8080-exec-8] org.hibernate.orm.jdbc.bind              : binding parameter (11:DATE) <- [2026-05-11]
2026-05-10T01:12:31.779-04:00 TRACE 21605 --- [nio-8080-exec-8] org.hibernate.orm.jdbc.bind              : binding parameter (12:NULL) <- [null]
2026-05-10T01:12:31.779-04:00 TRACE 21605 --- [nio-8080-exec-8] org.hibernate.orm.jdbc.bind              : binding parameter (13:NUMERIC) <- [100]
2026-05-10T01:12:31.779-04:00 TRACE 21605 --- [nio-8080-exec-8] org.hibernate.orm.jdbc.bind              : binding parameter (14:NUMERIC) <- [100]
