Starting a Gradle Daemon (subsequent builds will be faster)
> Task :compileJava UP-TO-DATE
> Task :processResources UP-TO-DATE
> Task :classes UP-TO-DATE
> Task :resolveMainClassName UP-TO-DATE

> Task :bootRun

  .   ____          _            __ _ _
 /\\ / ___'_ __ _ _(_)_ __  __ _ \ \ \ \
( ( )\___ | '_ | '_| | '_ \/ _` | \ \ \ \
 \\/  ___)| |_)| | | | | || (_| |  ) ) ) )
  '  |____| .__|_| |_|_| |_\__, | / / / /
 =========|_|==============|___/=/_/_/_/

 :: Spring Boot ::                (v3.3.2)

2026-04-23T16:35:53.196-04:00  INFO 1107 --- [           main] c.g.r.ReserveCampingApplication          : Starting ReserveCampingApplication using Java 21.0.8 with PID 1107 (/Users/ericbeaudoin/GoCampProjects/backend/build/classes/java/main started by ericbeaudoin in /Users/ericbeaudoin/GoCampProjects/backend)
2026-04-23T16:35:53.203-04:00  INFO 1107 --- [           main] c.g.r.ReserveCampingApplication          : No active profile set, falling back to 1 default profile: "default"
2026-04-23T16:35:54.275-04:00  INFO 1107 --- [           main] .s.d.r.c.RepositoryConfigurationDelegate : Bootstrapping Spring Data JPA repositories in DEFAULT mode.
2026-04-23T16:35:54.521-04:00  INFO 1107 --- [           main] .s.d.r.c.RepositoryConfigurationDelegate : Finished Spring Data repository scanning in 235 ms. Found 31 JPA repository interfaces.
2026-04-23T16:35:55.291-04:00  INFO 1107 --- [           main] o.s.b.w.embedded.tomcat.TomcatWebServer  : Tomcat initialized with port 8080 (http)
2026-04-23T16:35:55.315-04:00  INFO 1107 --- [           main] o.apache.catalina.core.StandardService   : Starting service [Tomcat]
2026-04-23T16:35:55.315-04:00  INFO 1107 --- [           main] o.apache.catalina.core.StandardEngine    : Starting Servlet engine: [Apache Tomcat/10.1.26]
2026-04-23T16:35:55.388-04:00  INFO 1107 --- [           main] o.a.c.c.C.[Tomcat].[localhost].[/]       : Initializing Spring embedded WebApplicationContext
2026-04-23T16:35:55.390-04:00  INFO 1107 --- [           main] w.s.c.ServletWebServerApplicationContext : Root WebApplicationContext: initialization completed in 2117 ms
2026-04-23T16:35:55.602-04:00  INFO 1107 --- [           main] o.hibernate.jpa.internal.util.LogHelper  : HHH000204: Processing PersistenceUnitInfo [name: default]
2026-04-23T16:35:55.689-04:00  INFO 1107 --- [           main] org.hibernate.Version                    : HHH000412: Hibernate ORM core version 6.5.2.Final
2026-04-23T16:35:55.729-04:00  INFO 1107 --- [           main] o.h.c.internal.RegionFactoryInitiator    : HHH000026: Second-level cache disabled
2026-04-23T16:35:56.071-04:00  INFO 1107 --- [           main] o.s.o.j.p.SpringPersistenceUnitInfo      : No LoadTimeWeaver setup: ignoring JPA class transformer
2026-04-23T16:35:56.103-04:00  INFO 1107 --- [           main] com.zaxxer.hikari.HikariDataSource       : HikariPool-1 - Starting...
2026-04-23T16:35:56.285-04:00  INFO 1107 --- [           main] com.zaxxer.hikari.pool.HikariPool        : HikariPool-1 - Added connection com.mysql.cj.jdbc.ConnectionImpl@32e697ac
2026-04-23T16:35:56.287-04:00  INFO 1107 --- [           main] com.zaxxer.hikari.HikariDataSource       : HikariPool-1 - Start completed.
2026-04-23T16:35:56.328-04:00  WARN 1107 --- [           main] org.hibernate.orm.deprecation            : HHH90000025: MySQL8Dialect does not need to be specified explicitly using 'hibernate.dialect' (remove the property setting and it will be selected by default)
2026-04-23T16:35:56.329-04:00  WARN 1107 --- [           main] org.hibernate.orm.deprecation            : HHH90000026: MySQL8Dialect has been deprecated; use org.hibernate.dialect.MySQLDialect instead
2026-04-23T16:35:58.226-04:00  INFO 1107 --- [           main] o.h.e.t.j.p.i.JtaPlatformInitiator       : HHH000489: No JTA platform available (set 'hibernate.transaction.jta.platform' to enable JTA platform integration)
Hibernate: 
    alter table campground_map_element 
       modify column polygon_json TEXT
Hibernate: 
    alter table campsite 
       modify column map_polygon_json TEXT
2026-04-23T16:35:58.778-04:00  INFO 1107 --- [           main] j.LocalContainerEntityManagerFactoryBean : Initialized JPA EntityManagerFactory for persistence unit 'default'
2026-04-23T16:35:59.371-04:00  INFO 1107 --- [           main] o.s.d.j.r.query.QueryEnhancerFactory     : Hibernate is in classpath; If applicable, HQL parser will be used.
2026-04-23T16:36:00.209-04:00  WARN 1107 --- [           main] JpaBaseConfiguration$JpaWebConfiguration : spring.jpa.open-in-view is enabled by default. Therefore, database queries may be performed during view rendering. Explicitly configure spring.jpa.open-in-view to disable this warning
2026-04-23T16:36:00.268-04:00  INFO 1107 --- [           main] eAuthenticationProviderManagerConfigurer : Global AuthenticationManager configured with AuthenticationProvider bean with name authenticationProvider
2026-04-23T16:36:00.303-04:00  WARN 1107 --- [           main] r$InitializeUserDetailsManagerConfigurer : Global AuthenticationManager configured with an AuthenticationProvider bean. UserDetailsService beans will not be used for username/password login. Consider removing the AuthenticationProvider bean. Alternatively, consider using the UserDetailsService in a manually instantiated DaoAuthenticationProvider.
2026-04-23T16:36:00.805-04:00  INFO 1107 --- [           main] o.s.b.w.embedded.tomcat.TomcatWebServer  : Tomcat started on port 8080 (http) with context path '/'
2026-04-23T16:36:00.815-04:00  INFO 1107 --- [           main] c.g.r.ReserveCampingApplication          : Started ReserveCampingApplication in 8.297 seconds (process running for 8.743)
2026-04-23T16:38:16.964-04:00  INFO 1107 --- [nio-8080-exec-1] o.a.c.c.C.[Tomcat].[localhost].[/]       : Initializing Spring DispatcherServlet 'dispatcherServlet'
2026-04-23T16:38:16.964-04:00  INFO 1107 --- [nio-8080-exec-1] o.s.web.servlet.DispatcherServlet        : Initializing Servlet 'dispatcherServlet'
2026-04-23T16:38:16.966-04:00  INFO 1107 --- [nio-8080-exec-1] o.s.web.servlet.DispatcherServlet        : Completed initialization in 1 ms
Hibernate: 
    select
        u1_0.id,
        u1_0.address,
        u1_0.city,
        u1_0.country_id,
        u1_0.email,
        u1_0.equipment_length,
        u1_0.equipment_type,
        u1_0.firstname,
        u1_0.has_slide_out,
        u1_0.lastname,
        u1_0.password,
        u1_0.phone,
        u1_0.postal_code,
        u1_0.province_state_id,
        u1_0.role_id 
    from
        users u1_0 
    where
        u1_0.email=?
Hibernate: 
    select
        c1_0.id,
        c1_0.code,
        c1_0.name 
    from
        country c1_0 
    where
        c1_0.id=?
Hibernate: 
    select
        ps1_0.id,
        ps1_0.code,
        ps1_0.country_id,
        ps1_0.name 
    from
        province_state ps1_0 
    where
        ps1_0.id=?
Hibernate: 
    select
        r1_0.id,
        r1_0.name 
    from
        roles r1_0 
    where
        r1_0.id=?
Hibernate: 
    select
        u1_0.id,
        u1_0.address,
        u1_0.city,
        u1_0.country_id,
        u1_0.email,
        u1_0.equipment_length,
        u1_0.equipment_type,
        u1_0.firstname,
        u1_0.has_slide_out,
        u1_0.lastname,
        u1_0.password,
        u1_0.phone,
        u1_0.postal_code,
        u1_0.province_state_id,
        u1_0.role_id 
    from
        users u1_0 
    where
        u1_0.email=?
Hibernate: 
    select
        u1_0.id,
        u1_0.address,
        u1_0.city,
        u1_0.country_id,
        u1_0.email,
        u1_0.equipment_length,
        u1_0.equipment_type,
        u1_0.firstname,
        u1_0.has_slide_out,
        u1_0.lastname,
        u1_0.password,
        u1_0.phone,
        u1_0.postal_code,
        u1_0.province_state_id,
        u1_0.role_id 
    from
        users u1_0 
    where
        u1_0.email=?
Hibernate: 
    select
        c1_0.id,
        c1_0.code,
        c1_0.name 
    from
        country c1_0 
    where
        c1_0.id=?
Hibernate: 
    select
        c1_0.id,
        c1_0.code,
        c1_0.name 
    from
        country c1_0 
    where
        c1_0.id=?
Hibernate: 
    select
        ps1_0.id,
        ps1_0.code,
        ps1_0.country_id,
        ps1_0.name 
    from
        province_state ps1_0 
    where
        ps1_0.id=?
Hibernate: 
    select
        ps1_0.id,
        ps1_0.code,
        ps1_0.country_id,
        ps1_0.name 
    from
        province_state ps1_0 
    where
        ps1_0.id=?
Hibernate: 
    select
        r1_0.id,
        r1_0.name 
    from
        roles r1_0 
    where
        r1_0.id=?
Hibernate: 
    select
        r1_0.id,
        r1_0.name 
    from
        roles r1_0 
    where
        r1_0.id=?
Hibernate: 
    select
        u1_0.id,
        u1_0.address,
        u1_0.city,
        u1_0.country_id,
        u1_0.email,
        u1_0.equipment_length,
        u1_0.equipment_type,
        u1_0.firstname,
        u1_0.has_slide_out,
        u1_0.lastname,
        u1_0.password,
        u1_0.phone,
        u1_0.postal_code,
        u1_0.province_state_id,
        u1_0.role_id 
    from
        users u1_0 
    where
        u1_0.email=?
Hibernate: 
    select
        u1_0.id,
        u1_0.address,
        u1_0.city,
        u1_0.country_id,
        u1_0.email,
        u1_0.equipment_length,
        u1_0.equipment_type,
        u1_0.firstname,
        u1_0.has_slide_out,
        u1_0.lastname,
        u1_0.password,
        u1_0.phone,
        u1_0.postal_code,
        u1_0.province_state_id,
        u1_0.role_id 
    from
        users u1_0 
    where
        u1_0.email=?
Hibernate: 
    select
        c1_0.id,
        c1_0.code,
        c1_0.name 
    from
        country c1_0 
    where
        c1_0.id=?
Hibernate: 
    select
        c1_0.id,
        c1_0.code,
        c1_0.name 
    from
        country c1_0 
    where
        c1_0.id=?
Hibernate: 
    select
        ps1_0.id,
        ps1_0.code,
        ps1_0.country_id,
        ps1_0.name 
    from
        province_state ps1_0 
    where
        ps1_0.id=?
Hibernate: 
    select
        r1_0.id,
        r1_0.name 
    from
        roles r1_0 
    where
        r1_0.id=?
Hibernate: 
    select
        ps1_0.id,
        ps1_0.code,
        ps1_0.country_id,
        ps1_0.name 
    from
        province_state ps1_0 
    where
        ps1_0.id=?
Hibernate: 
    select
        r1_0.id,
        r1_0.name 
    from
        roles r1_0 
    where
        r1_0.id=?
Hibernate: 
    select
        u1_0.id,
        u1_0.address,
        u1_0.city,
        u1_0.country_id,
        u1_0.email,
        u1_0.equipment_length,
        u1_0.equipment_type,
        u1_0.firstname,
        u1_0.has_slide_out,
        u1_0.lastname,
        u1_0.password,
        u1_0.phone,
        u1_0.postal_code,
        u1_0.province_state_id,
        u1_0.role_id 
    from
        users u1_0 
    where
        u1_0.email=?
Hibernate: 
    select
        u1_0.id,
        u1_0.address,
        u1_0.city,
        u1_0.country_id,
        u1_0.email,
        u1_0.equipment_length,
        u1_0.equipment_type,
        u1_0.firstname,
        u1_0.has_slide_out,
        u1_0.lastname,
        u1_0.password,
        u1_0.phone,
        u1_0.postal_code,
        u1_0.province_state_id,
        u1_0.role_id 
    from
        users u1_0 
    where
        u1_0.email=?
Hibernate: 
    select
        c1_0.id,
        c1_0.code,
        c1_0.name 
    from
        country c1_0 
    where
        c1_0.id=?
Hibernate: 
    select
        c1_0.id,
        c1_0.code,
        c1_0.name 
    from
        country c1_0 
    where
        c1_0.id=?
Hibernate: 
    select
        ps1_0.id,
        ps1_0.code,
        ps1_0.country_id,
        ps1_0.name 
    from
        province_state ps1_0 
    where
        ps1_0.id=?
Hibernate: 
    select
        ps1_0.id,
        ps1_0.code,
        ps1_0.country_id,
        ps1_0.name 
    from
        province_state ps1_0 
    where
        ps1_0.id=?
Hibernate: 
    select
        r1_0.id,
        r1_0.name 
    from
        roles r1_0 
    where
        r1_0.id=?
Hibernate: 
    select
        r1_0.id,
        r1_0.name 
    from
        roles r1_0 
    where
        r1_0.id=?
Hibernate: 
    select
        c1_0.id,
        c1_0.address_line_1,
        c1_0.address_line_2,
        c1_0.check_in_time,
        c1_0.check_out_time,
        c1_0.city,
        c1_0.closing_date,
        c1_0.country_id,
        c1_0.created_at,
        c1_0.email,
        c1_0.gps_latitude,
        c1_0.gps_longitude,
        c1_0.has_wifi,
        c1_0.is_active,
        c1_0.is_winter_camping,
        c1_0.long_description,
        c1_0.name,
        c1_0.opening_date,
        c1_0.phone_main,
        c1_0.phone_secondary,
        c1_0.postal_code,
        c1_0.province_state_id,
        c1_0.shade_percentage,
        c1_0.short_description,
        c1_0.sites_1_service,
        c1_0.sites_2_services,
        c1_0.sites_3_services,
        c1_0.sites_no_service,
        c1_0.total_sites,
        c1_0.traveler_sites_count,
        c1_0.updated_at,
        c1_0.website 
    from
        campground c1_0 
    order by
        c1_0.name
Hibernate: 
    select
        c1_0.id,
        c1_0.address_line_1,
        c1_0.address_line_2,
        c1_0.check_in_time,
        c1_0.check_out_time,
        c1_0.city,
        c1_0.closing_date,
        c1_0.country_id,
        c1_0.created_at,
        c1_0.email,
        c1_0.gps_latitude,
        c1_0.gps_longitude,
        c1_0.has_wifi,
        c1_0.is_active,
        c1_0.is_winter_camping,
        c1_0.long_description,
        c1_0.name,
        c1_0.opening_date,
        c1_0.phone_main,
        c1_0.phone_secondary,
        c1_0.postal_code,
        c1_0.province_state_id,
        c1_0.shade_percentage,
        c1_0.short_description,
        c1_0.sites_1_service,
        c1_0.sites_2_services,
        c1_0.sites_3_services,
        c1_0.sites_no_service,
        c1_0.total_sites,
        c1_0.traveler_sites_count,
        c1_0.updated_at,
        c1_0.website 
    from
        campground c1_0 
    order by
        c1_0.name
Hibernate: 
    select
        c1_0.id,
        c1_0.code,
        c1_0.name 
    from
        country c1_0 
    where
        c1_0.id=?
Hibernate: 
    select
        c1_0.id,
        c1_0.code,
        c1_0.name 
    from
        country c1_0 
    where
        c1_0.id=?
Hibernate: 
    select
        ps1_0.id,
        ps1_0.code,
        ps1_0.country_id,
        ps1_0.name 
    from
        province_state ps1_0 
    where
        ps1_0.id=?
Hibernate: 
    select
        ps1_0.id,
        ps1_0.code,
        ps1_0.country_id,
        ps1_0.name 
    from
        province_state ps1_0 
    where
        ps1_0.id=?
Hibernate: 
    select
        u1_0.id,
        u1_0.address,
        u1_0.city,
        u1_0.country_id,
        u1_0.email,
        u1_0.equipment_length,
        u1_0.equipment_type,
        u1_0.firstname,
        u1_0.has_slide_out,
        u1_0.lastname,
        u1_0.password,
        u1_0.phone,
        u1_0.postal_code,
        u1_0.province_state_id,
        u1_0.role_id 
    from
        users u1_0 
    where
        u1_0.email=?
Hibernate: 
    select
        u1_0.id,
        u1_0.address,
        u1_0.city,
        u1_0.country_id,
        u1_0.email,
        u1_0.equipment_length,
        u1_0.equipment_type,
        u1_0.firstname,
        u1_0.has_slide_out,
        u1_0.lastname,
        u1_0.password,
        u1_0.phone,
        u1_0.postal_code,
        u1_0.province_state_id,
        u1_0.role_id 
    from
        users u1_0 
    where
        u1_0.email=?
Hibernate: 
    select
        c1_0.id,
        c1_0.code,
        c1_0.name 
    from
        country c1_0 
    where
        c1_0.id=?
Hibernate: 
    select
        c1_0.id,
        c1_0.code,
        c1_0.name 
    from
        country c1_0 
    where
        c1_0.id=?
Hibernate: 
    select
        ps1_0.id,
        ps1_0.code,
        ps1_0.country_id,
        ps1_0.name 
    from
        province_state ps1_0 
    where
        ps1_0.id=?
Hibernate: 
    select
        u1_0.id,
        u1_0.address,
        u1_0.city,
        u1_0.country_id,
        u1_0.email,
        u1_0.equipment_length,
        u1_0.equipment_type,
        u1_0.firstname,
        u1_0.has_slide_out,
        u1_0.lastname,
        u1_0.password,
        u1_0.phone,
        u1_0.postal_code,
        u1_0.province_state_id,
        u1_0.role_id 
    from
        users u1_0 
    where
        u1_0.email=?
Hibernate: 
    select
        u1_0.id,
        u1_0.address,
        u1_0.city,
        u1_0.country_id,
        u1_0.email,
        u1_0.equipment_length,
        u1_0.equipment_type,
        u1_0.firstname,
        u1_0.has_slide_out,
        u1_0.lastname,
        u1_0.password,
        u1_0.phone,
        u1_0.postal_code,
        u1_0.province_state_id,
        u1_0.role_id 
    from
        users u1_0 
    where
        u1_0.email=?
Hibernate: 
    select
        ps1_0.id,
        ps1_0.code,
        ps1_0.country_id,
        ps1_0.name 
    from
        province_state ps1_0 
    where
        ps1_0.id=?
Hibernate: 
    select
        u1_0.id,
        u1_0.address,
        u1_0.city,
        u1_0.country_id,
        u1_0.email,
        u1_0.equipment_length,
        u1_0.equipment_type,
        u1_0.firstname,
        u1_0.has_slide_out,
        u1_0.lastname,
        u1_0.password,
        u1_0.phone,
        u1_0.postal_code,
        u1_0.province_state_id,
        u1_0.role_id 
    from
        users u1_0 
    where
        u1_0.email=?
Hibernate: 
    select
        r1_0.id,
        r1_0.name 
    from
        roles r1_0 
    where
        r1_0.id=?
Hibernate: 
    select
        c1_0.id,
        c1_0.code,
        c1_0.name 
    from
        country c1_0 
    where
        c1_0.id=?
Hibernate: 
    select
        c1_0.id,
        c1_0.code,
        c1_0.name 
    from
        country c1_0 
    where
        c1_0.id=?
Hibernate: 
    select
        u1_0.id,
        u1_0.address,
        u1_0.city,
        u1_0.country_id,
        u1_0.email,
        u1_0.equipment_length,
        u1_0.equipment_type,
        u1_0.firstname,
        u1_0.has_slide_out,
        u1_0.lastname,
        u1_0.password,
        u1_0.phone,
        u1_0.postal_code,
        u1_0.province_state_id,
        u1_0.role_id 
    from
        users u1_0 
    where
        u1_0.email=?
Hibernate: 
    select
        r1_0.id,
        r1_0.name 
    from
        roles r1_0 
    where
        r1_0.id=?
Hibernate: 
    select
        c1_0.id,
        c1_0.code,
        c1_0.name 
    from
        country c1_0 
    where
        c1_0.id=?
Hibernate: 
    select
        ps1_0.id,
        ps1_0.code,
        ps1_0.country_id,
        ps1_0.name 
    from
        province_state ps1_0 
    where
        ps1_0.id=?
Hibernate: 
    select
        c1_0.id,
        c1_0.code,
        c1_0.name 
    from
        country c1_0 
    where
        c1_0.id=?
Hibernate: 
    select
        ps1_0.id,
        ps1_0.code,
        ps1_0.country_id,
        ps1_0.name 
    from
        province_state ps1_0 
    where
        ps1_0.id=?
Hibernate: 
    select
        ps1_0.id,
        ps1_0.code,
        ps1_0.country_id,
        ps1_0.name 
    from
        province_state ps1_0 
    where
        ps1_0.id=?
Hibernate: 
    select
        r1_0.id,
        r1_0.name 
    from
        roles r1_0 
    where
        r1_0.id=?
Hibernate: 
    select
        ps1_0.id,
        ps1_0.code,
        ps1_0.country_id,
        ps1_0.name 
    from
        province_state ps1_0 
    where
        ps1_0.id=?
Hibernate: 
    select
        r1_0.id,
        r1_0.name 
    from
        roles r1_0 
    where
        r1_0.id=?
Hibernate: 
    select
        r1_0.id,
        r1_0.name 
    from
        roles r1_0 
    where
        r1_0.id=?
Hibernate: 
    select
        r1_0.id,
        r1_0.name 
    from
        roles r1_0 
    where
        r1_0.id=?
Hibernate: 
    select
        c1_0.id,
        c1_0.campground_id,
        c1_0.created_at,
        c1_0.is_active,
        c1_0.is_pull_through,
        c1_0.label_x,
        c1_0.label_y,
        c1_0.length_feet,
        c1_0.map_polygon_json,
        c1_0.max_equipment_length_feet,
        c1_0.notes,
        c1_0.site_amperage_id,
        c1_0.site_code,
        c1_0.site_service_type_id,
        c1_0.site_type_id,
        c1_0.updated_at,
        c1_0.width_feet 
    from
        campsite c1_0 
    where
        c1_0.campground_id=? 
    order by
        c1_0.site_code
Hibernate: 
    select
        c1_0.id,
        c1_0.campground_id,
        c1_0.created_at,
        c1_0.is_active,
        c1_0.is_pull_through,
        c1_0.label_x,
        c1_0.label_y,
        c1_0.length_feet,
        c1_0.map_polygon_json,
        c1_0.max_equipment_length_feet,
        c1_0.notes,
        c1_0.site_amperage_id,
        c1_0.site_code,
        c1_0.site_service_type_id,
        c1_0.site_type_id,
        c1_0.updated_at,
        c1_0.width_feet 
    from
        campsite c1_0 
    where
        c1_0.campground_id=? 
    order by
        c1_0.site_code
Hibernate: 
    select
        c1_0.id,
        c1_0.address_line_1,
        c1_0.address_line_2,
        c1_0.check_in_time,
        c1_0.check_out_time,
        c1_0.city,
        c1_0.closing_date,
        c1_0.country_id,
        c1_0.created_at,
        c1_0.email,
        c1_0.gps_latitude,
        c1_0.gps_longitude,
        c1_0.has_wifi,
        c1_0.is_active,
        c1_0.is_winter_camping,
        c1_0.long_description,
        c1_0.name,
        c1_0.opening_date,
        c1_0.phone_main,
        c1_0.phone_secondary,
        c1_0.postal_code,
        c1_0.province_state_id,
        c1_0.shade_percentage,
        c1_0.short_description,
        c1_0.sites_1_service,
        c1_0.sites_2_services,
        c1_0.sites_3_services,
        c1_0.sites_no_service,
        c1_0.total_sites,
        c1_0.traveler_sites_count,
        c1_0.updated_at,
        c1_0.website 
    from
        campground c1_0 
    where
        c1_0.id=?
Hibernate: 
    select
        c1_0.id,
        c1_0.address_line_1,
        c1_0.address_line_2,
        c1_0.check_in_time,
        c1_0.check_out_time,
        c1_0.city,
        c1_0.closing_date,
        c1_0.country_id,
        c1_0.created_at,
        c1_0.email,
        c1_0.gps_latitude,
        c1_0.gps_longitude,
        c1_0.has_wifi,
        c1_0.is_active,
        c1_0.is_winter_camping,
        c1_0.long_description,
        c1_0.name,
        c1_0.opening_date,
        c1_0.phone_main,
        c1_0.phone_secondary,
        c1_0.postal_code,
        c1_0.province_state_id,
        c1_0.shade_percentage,
        c1_0.short_description,
        c1_0.sites_1_service,
        c1_0.sites_2_services,
        c1_0.sites_3_services,
        c1_0.sites_no_service,
        c1_0.total_sites,
        c1_0.traveler_sites_count,
        c1_0.updated_at,
        c1_0.website 
    from
        campground c1_0 
    where
        c1_0.id=?
Hibernate: 
    select
        c1_0.id,
        c1_0.address_line_1,
        c1_0.address_line_2,
        c1_0.check_in_time,
        c1_0.check_out_time,
        c1_0.city,
        c1_0.closing_date,
        c1_0.country_id,
        c1_0.created_at,
        c1_0.email,
        c1_0.gps_latitude,
        c1_0.gps_longitude,
        c1_0.has_wifi,
        c1_0.is_active,
        c1_0.is_winter_camping,
        c1_0.long_description,
        c1_0.name,
        c1_0.opening_date,
        c1_0.phone_main,
        c1_0.phone_secondary,
        c1_0.postal_code,
        c1_0.province_state_id,
        c1_0.shade_percentage,
        c1_0.short_description,
        c1_0.sites_1_service,
        c1_0.sites_2_services,
        c1_0.sites_3_services,
        c1_0.sites_no_service,
        c1_0.total_sites,
        c1_0.traveler_sites_count,
        c1_0.updated_at,
        c1_0.website 
    from
        campground c1_0 
    where
        c1_0.id=?
Hibernate: 
    select
        c1_0.id,
        c1_0.address_line_1,
        c1_0.address_line_2,
        c1_0.check_in_time,
        c1_0.check_out_time,
        c1_0.city,
        c1_0.closing_date,
        c1_0.country_id,
        c1_0.created_at,
        c1_0.email,
        c1_0.gps_latitude,
        c1_0.gps_longitude,
        c1_0.has_wifi,
        c1_0.is_active,
        c1_0.is_winter_camping,
        c1_0.long_description,
        c1_0.name,
        c1_0.opening_date,
        c1_0.phone_main,
        c1_0.phone_secondary,
        c1_0.postal_code,
        c1_0.province_state_id,
        c1_0.shade_percentage,
        c1_0.short_description,
        c1_0.sites_1_service,
        c1_0.sites_2_services,
        c1_0.sites_3_services,
        c1_0.sites_no_service,
        c1_0.total_sites,
        c1_0.traveler_sites_count,
        c1_0.updated_at,
        c1_0.website 
    from
        campground c1_0 
    where
        c1_0.id=?
Hibernate: 
    select
        cm1_0.id,
        cm1_0.background_image_path,
        cm1_0.campground_id,
        cm1_0.created_at,
        cm1_0.image_height,
        cm1_0.image_width,
        cm1_0.is_active,
        cm1_0.updated_at 
    from
        campground_map cm1_0 
    where
        cm1_0.campground_id=?
Hibernate: 
    select
        ps1_0.id,
        ps1_0.code,
        ps1_0.country_id,
        ps1_0.name 
    from
        province_state ps1_0 
    where
        ps1_0.id=?
Hibernate: 
    select
        ps1_0.id,
        ps1_0.code,
        ps1_0.country_id,
        ps1_0.name 
    from
        province_state ps1_0 
    where
        ps1_0.id=?
Hibernate: 
    select
        cm1_0.id,
        cm1_0.background_image_path,
        cm1_0.campground_id,
        cm1_0.created_at,
        cm1_0.image_height,
        cm1_0.image_width,
        cm1_0.is_active,
        cm1_0.updated_at 
    from
        campground_map cm1_0 
    where
        cm1_0.campground_id=?
Hibernate: 
    select
        c1_0.id,
        c1_0.code,
        c1_0.name 
    from
        country c1_0 
    where
        c1_0.id=?
Hibernate: 
    select
        c1_0.id,
        c1_0.code,
        c1_0.name 
    from
        country c1_0 
    where
        c1_0.id=?
Hibernate: 
    select
        c1_0.id,
        c1_0.campground_id,
        c1_0.created_at,
        c1_0.is_active,
        c1_0.is_pull_through,
        c1_0.label_x,
        c1_0.label_y,
        c1_0.length_feet,
        c1_0.map_polygon_json,
        c1_0.max_equipment_length_feet,
        c1_0.notes,
        c1_0.site_amperage_id,
        c1_0.site_code,
        c1_0.site_service_type_id,
        c1_0.site_type_id,
        c1_0.updated_at,
        c1_0.width_feet 
    from
        campsite c1_0 
    where
        c1_0.campground_id=? 
    order by
        c1_0.site_code
Hibernate: 
    select
        c1_0.id,
        c1_0.campground_id,
        c1_0.created_at,
        c1_0.is_active,
        c1_0.is_pull_through,
        c1_0.label_x,
        c1_0.label_y,
        c1_0.length_feet,
        c1_0.map_polygon_json,
        c1_0.max_equipment_length_feet,
        c1_0.notes,
        c1_0.site_amperage_id,
        c1_0.site_code,
        c1_0.site_service_type_id,
        c1_0.site_type_id,
        c1_0.updated_at,
        c1_0.width_feet 
    from
        campsite c1_0 
    where
        c1_0.campground_id=? 
    order by
        c1_0.site_code
Hibernate: 
    select
        cpa1_0.campsite_id,
        cpa1_0.created_at,
        cpa1_0.pricing_option_id,
        cpa1_0.updated_at 
    from
        campsite_pricing_assignment cpa1_0 
    where
        cpa1_0.campsite_id=?
Hibernate: 
    select
        cpa1_0.campsite_id,
        cpa1_0.created_at,
        cpa1_0.pricing_option_id,
        cpa1_0.updated_at 
    from
        campsite_pricing_assignment cpa1_0 
    where
        cpa1_0.campsite_id=?
Hibernate: 
    select
        count(cp1_0.id) 
    from
        campsite_photo cp1_0 
    where
        cp1_0.campsite_id=?
Hibernate: 
    select
        count(cp1_0.id) 
    from
        campsite_photo cp1_0 
    where
        cp1_0.campsite_id=?
Hibernate: 
    select
        st1_0.id,
        st1_0.code,
        st1_0.created_at,
        st1_0.display_order,
        st1_0.is_active,
        st1_0.name_en,
        st1_0.name_fr,
        st1_0.updated_at 
    from
        site_type st1_0 
    where
        st1_0.id=?
Hibernate: 
    select
        st1_0.id,
        st1_0.code,
        st1_0.created_at,
        st1_0.display_order,
        st1_0.is_active,
        st1_0.name_en,
        st1_0.name_fr,
        st1_0.updated_at 
    from
        site_type st1_0 
    where
        st1_0.id=?
Hibernate: 
    select
        sst1_0.id,
        sst1_0.code,
        sst1_0.created_at,
        sst1_0.display_order,
        sst1_0.is_active,
        sst1_0.name_en,
        sst1_0.name_fr,
        sst1_0.updated_at 
    from
        site_service_type sst1_0 
    where
        sst1_0.id=?
Hibernate: 
    select
        sa1_0.id,
        sa1_0.amps,
        sa1_0.code,
        sa1_0.created_at,
        sa1_0.display_order,
        sa1_0.is_active,
        sa1_0.name_en,
        sa1_0.name_fr,
        sa1_0.updated_at 
    from
        site_amperage sa1_0 
    where
        sa1_0.id=?
Hibernate: 
    select
        sst1_0.id,
        sst1_0.code,
        sst1_0.created_at,
        sst1_0.display_order,
        sst1_0.is_active,
        sst1_0.name_en,
        sst1_0.name_fr,
        sst1_0.updated_at 
    from
        site_service_type sst1_0 
    where
        sst1_0.id=?
Hibernate: 
    select
        sa1_0.id,
        sa1_0.amps,
        sa1_0.code,
        sa1_0.created_at,
        sa1_0.display_order,
        sa1_0.is_active,
        sa1_0.name_en,
        sa1_0.name_fr,
        sa1_0.updated_at 
    from
        site_amperage sa1_0 
    where
        sa1_0.id=?
Hibernate: 
    select
        cspo1_0.id,
        cspo1_0.campground_id,
        cspo1_0.created_at,
        cspo1_0.is_active,
        cspo1_0.name,
        cspo1_0.updated_at 
    from
        campground_site_pricing_option cspo1_0 
    where
        cspo1_0.id=?
Hibernate: 
    select
        cspo1_0.id,
        cspo1_0.campground_id,
        cspo1_0.created_at,
        cspo1_0.is_active,
        cspo1_0.name,
        cspo1_0.updated_at 
    from
        campground_site_pricing_option cspo1_0 
    where
        cspo1_0.id=?
Hibernate: 
    select
        cpa1_0.campsite_id,
        cpa1_0.created_at,
        cpa1_0.pricing_option_id,
        cpa1_0.updated_at 
    from
        campsite_pricing_assignment cpa1_0 
    where
        cpa1_0.campsite_id=?
Hibernate: 
    select
        sa1_0.id,
        sa1_0.amps,
        sa1_0.code,
        sa1_0.created_at,
        sa1_0.display_order,
        sa1_0.is_active,
        sa1_0.name_en,
        sa1_0.name_fr,
        sa1_0.updated_at 
    from
        site_amperage sa1_0 
    where
        sa1_0.id=?
Hibernate: 
    select
        count(cp1_0.id) 
    from
        campsite_photo cp1_0 
    where
        cp1_0.campsite_id=?
Hibernate: 
    select
        cpa1_0.campsite_id,
        cpa1_0.created_at,
        cpa1_0.pricing_option_id,
        cpa1_0.updated_at 
    from
        campsite_pricing_assignment cpa1_0 
    where
        cpa1_0.campsite_id=?
Hibernate: 
    select
        sa1_0.id,
        sa1_0.amps,
        sa1_0.code,
        sa1_0.created_at,
        sa1_0.display_order,
        sa1_0.is_active,
        sa1_0.name_en,
        sa1_0.name_fr,
        sa1_0.updated_at 
    from
        site_amperage sa1_0 
    where
        sa1_0.id=?
Hibernate: 
    select
        cspo1_0.id,
        cspo1_0.campground_id,
        cspo1_0.created_at,
        cspo1_0.is_active,
        cspo1_0.name,
        cspo1_0.updated_at 
    from
        campground_site_pricing_option cspo1_0 
    where
        cspo1_0.id=?
Hibernate: 
    select
        count(cp1_0.id) 
    from
        campsite_photo cp1_0 
    where
        cp1_0.campsite_id=?
Hibernate: 
    select
        cspo1_0.id,
        cspo1_0.campground_id,
        cspo1_0.created_at,
        cspo1_0.is_active,
        cspo1_0.name,
        cspo1_0.updated_at 
    from
        campground_site_pricing_option cspo1_0 
    where
        cspo1_0.id=?
Hibernate: 
    select
        count(cp1_0.id) 
    from
        campsite_photo cp1_0 
    where
        cp1_0.campsite_id=?
Hibernate: 
    select
        count(cp1_0.id) 
    from
        campsite_photo cp1_0 
    where
        cp1_0.campsite_id=?
Hibernate: 
    select
        cpa1_0.campsite_id,
        cpa1_0.created_at,
        cpa1_0.pricing_option_id,
        cpa1_0.updated_at 
    from
        campsite_pricing_assignment cpa1_0 
    where
        cpa1_0.campsite_id=?
Hibernate: 
    select
        cpa1_0.campsite_id,
        cpa1_0.created_at,
        cpa1_0.pricing_option_id,
        cpa1_0.updated_at 
    from
        campsite_pricing_assignment cpa1_0 
    where
        cpa1_0.campsite_id=?
Hibernate: 
    select
        cme1_0.id,
        cme1_0.campground_id,
        cme1_0.is_active,
        cme1_0.labelx,
        cme1_0.labely,
        cme1_0.name,
        cme1_0.polygon_json,
        cme1_0.element_type_id 
    from
        campground_map_element cme1_0 
    where
        cme1_0.campground_id=? 
        and cme1_0.is_active
Hibernate: 
    select
        cme1_0.id,
        cme1_0.campground_id,
        cme1_0.is_active,
        cme1_0.labelx,
        cme1_0.labely,
        cme1_0.name,
        cme1_0.polygon_json,
        cme1_0.element_type_id 
    from
        campground_map_element cme1_0 
    where
        cme1_0.campground_id=? 
        and cme1_0.is_active
Hibernate: 
    select
        u1_0.id,
        u1_0.address,
        u1_0.city,
        u1_0.country_id,
        u1_0.email,
        u1_0.equipment_length,
        u1_0.equipment_type,
        u1_0.firstname,
        u1_0.has_slide_out,
        u1_0.lastname,
        u1_0.password,
        u1_0.phone,
        u1_0.postal_code,
        u1_0.province_state_id,
        u1_0.role_id 
    from
        users u1_0 
    where
        u1_0.email=?
Hibernate: 
    select
        u1_0.id,
        u1_0.address,
        u1_0.city,
        u1_0.country_id,
        u1_0.email,
        u1_0.equipment_length,
        u1_0.equipment_type,
        u1_0.firstname,
        u1_0.has_slide_out,
        u1_0.lastname,
        u1_0.password,
        u1_0.phone,
        u1_0.postal_code,
        u1_0.province_state_id,
        u1_0.role_id 
    from
        users u1_0 
    where
        u1_0.email=?
Hibernate: 
    select
        u1_0.id,
        u1_0.address,
        u1_0.city,
        u1_0.country_id,
        u1_0.email,
        u1_0.equipment_length,
        u1_0.equipment_type,
        u1_0.firstname,
        u1_0.has_slide_out,
        u1_0.lastname,
        u1_0.password,
        u1_0.phone,
        u1_0.postal_code,
        u1_0.province_state_id,
        u1_0.role_id 
    from
        users u1_0 
    where
        u1_0.email=?
Hibernate: 
    select
        u1_0.id,
        u1_0.address,
        u1_0.city,
        u1_0.country_id,
        u1_0.email,
        u1_0.equipment_length,
        u1_0.equipment_type,
        u1_0.firstname,
        u1_0.has_slide_out,
        u1_0.lastname,
        u1_0.password,
        u1_0.phone,
        u1_0.postal_code,
        u1_0.province_state_id,
        u1_0.role_id 
    from
        users u1_0 
    where
        u1_0.email=?
Hibernate: 
    select
        c1_0.id,
        c1_0.code,
        c1_0.name 
    from
        country c1_0 
    where
        c1_0.id=?
Hibernate: 
    select
        c1_0.id,
        c1_0.code,
        c1_0.name 
    from
        country c1_0 
    where
        c1_0.id=?
Hibernate: 
    select
        c1_0.id,
        c1_0.code,
        c1_0.name 
    from
        country c1_0 
    where
        c1_0.id=?
Hibernate: 
    select
        u1_0.id,
        u1_0.address,
        u1_0.city,
        u1_0.country_id,
        u1_0.email,
        u1_0.equipment_length,
        u1_0.equipment_type,
        u1_0.firstname,
        u1_0.has_slide_out,
        u1_0.lastname,
        u1_0.password,
        u1_0.phone,
        u1_0.postal_code,
        u1_0.province_state_id,
        u1_0.role_id 
    from
        users u1_0 
    where
        u1_0.email=?
Hibernate: 
    select
        u1_0.id,
        u1_0.address,
        u1_0.city,
        u1_0.country_id,
        u1_0.email,
        u1_0.equipment_length,
        u1_0.equipment_type,
        u1_0.firstname,
        u1_0.has_slide_out,
        u1_0.lastname,
        u1_0.password,
        u1_0.phone,
        u1_0.postal_code,
        u1_0.province_state_id,
        u1_0.role_id 
    from
        users u1_0 
    where
        u1_0.email=?
Hibernate: 
    select
        ps1_0.id,
        ps1_0.code,
        ps1_0.country_id,
        ps1_0.name 
    from
        province_state ps1_0 
    where
        ps1_0.id=?
Hibernate: 
    select
        c1_0.id,
        c1_0.code,
        c1_0.name 
    from
        country c1_0 
    where
        c1_0.id=?
Hibernate: 
    select
        c1_0.id,
        c1_0.code,
        c1_0.name 
    from
        country c1_0 
    where
        c1_0.id=?
Hibernate: 
    select
        ps1_0.id,
        ps1_0.code,
        ps1_0.country_id,
        ps1_0.name 
    from
        province_state ps1_0 
    where
        ps1_0.id=?
Hibernate: 
    select
        ps1_0.id,
        ps1_0.code,
        ps1_0.country_id,
        ps1_0.name 
    from
        province_state ps1_0 
    where
        ps1_0.id=?
Hibernate: 
    select
        r1_0.id,
        r1_0.name 
    from
        roles r1_0 
    where
        r1_0.id=?
Hibernate: 
    select
        c1_0.id,
        c1_0.code,
        c1_0.name 
    from
        country c1_0 
    where
        c1_0.id=?
Hibernate: 
    select
        ps1_0.id,
        ps1_0.code,
        ps1_0.country_id,
        ps1_0.name 
    from
        province_state ps1_0 
    where
        ps1_0.id=?
Hibernate: 
    select
        r1_0.id,
        r1_0.name 
    from
        roles r1_0 
    where
        r1_0.id=?
Hibernate: 
    select
        ps1_0.id,
        ps1_0.code,
        ps1_0.country_id,
        ps1_0.name 
    from
        province_state ps1_0 
    where
        ps1_0.id=?
Hibernate: 
    select
        r1_0.id,
        r1_0.name 
    from
        roles r1_0 
    where
        r1_0.id=?
Hibernate: 
    select
        ps1_0.id,
        ps1_0.code,
        ps1_0.country_id,
        ps1_0.name 
    from
        province_state ps1_0 
    where
        ps1_0.id=?
Hibernate: 
    select
        r1_0.id,
        r1_0.name 
    from
        roles r1_0 
    where
        r1_0.id=?
Hibernate: 
    select
        r1_0.id,
        r1_0.name 
    from
        roles r1_0 
    where
        r1_0.id=?
Hibernate: 
    select
        r1_0.id,
        r1_0.name 
    from
        roles r1_0 
    where
        r1_0.id=?
Hibernate: 
    select
        c1_0.id,
        c1_0.campground_id,
        c1_0.created_at,
        c1_0.is_active,
        c1_0.is_pull_through,
        c1_0.label_x,
        c1_0.label_y,
        c1_0.length_feet,
        c1_0.map_polygon_json,
        c1_0.max_equipment_length_feet,
        c1_0.notes,
        c1_0.site_amperage_id,
        c1_0.site_code,
        c1_0.site_service_type_id,
        c1_0.site_type_id,
        c1_0.updated_at,
        c1_0.width_feet 
    from
        campsite c1_0 
    where
        c1_0.campground_id=? 
    order by
        c1_0.site_code
Hibernate: 
    select
        c1_0.id,
        c1_0.address_line_1,
        c1_0.address_line_2,
        c1_0.check_in_time,
        c1_0.check_out_time,
        c1_0.city,
        c1_0.closing_date,
        c1_0.country_id,
        c1_0.created_at,
        c1_0.email,
        c1_0.gps_latitude,
        c1_0.gps_longitude,
        c1_0.has_wifi,
        c1_0.is_active,
        c1_0.is_winter_camping,
        c1_0.long_description,
        c1_0.name,
        c1_0.opening_date,
        c1_0.phone_main,
        c1_0.phone_secondary,
        c1_0.postal_code,
        c1_0.province_state_id,
        c1_0.shade_percentage,
        c1_0.short_description,
        c1_0.sites_1_service,
        c1_0.sites_2_services,
        c1_0.sites_3_services,
        c1_0.sites_no_service,
        c1_0.total_sites,
        c1_0.traveler_sites_count,
        c1_0.updated_at,
        c1_0.website 
    from
        campground c1_0 
    where
        c1_0.id=?
Hibernate: 
    select
        c1_0.id,
        c1_0.campground_id,
        c1_0.created_at,
        c1_0.is_active,
        c1_0.is_pull_through,
        c1_0.label_x,
        c1_0.label_y,
        c1_0.length_feet,
        c1_0.map_polygon_json,
        c1_0.max_equipment_length_feet,
        c1_0.notes,
        c1_0.site_amperage_id,
        c1_0.site_code,
        c1_0.site_service_type_id,
        c1_0.site_type_id,
        c1_0.updated_at,
        c1_0.width_feet 
    from
        campsite c1_0 
    where
        c1_0.campground_id=? 
    order by
        c1_0.site_code
Hibernate: 
    select
        cpa1_0.campsite_id,
        cpa1_0.created_at,
        cpa1_0.pricing_option_id,
        cpa1_0.updated_at 
    from
        campsite_pricing_assignment cpa1_0 
    where
        cpa1_0.campsite_id=?
Hibernate: 
    select
        cpr1_0.id,
        cpr1_0.campground_id,
        cpr1_0.campsite_id,
        cpr1_0.created_at,
        cpr1_0.dynamic_max_price,
        cpr1_0.dynamic_min_price,
        cpr1_0.end_date,
        cpr1_0.fixed_price,
        cpr1_0.is_active,
        cpr1_0.label,
        cpr1_0.notes,
        cpr1_0.pricing_option_id,
        cpr1_0.pricing_type,
        cpr1_0.start_date,
        cpr1_0.target_type,
        cpr1_0.updated_at 
    from
        campsite_pricing_rule cpr1_0 
    where
        cpr1_0.campground_id=? 
    order by
        cpr1_0.start_date,
        cpr1_0.end_date
Hibernate: 
    select
        c1_0.id,
        c1_0.address_line_1,
        c1_0.address_line_2,
        c1_0.check_in_time,
        c1_0.check_out_time,
        c1_0.city,
        c1_0.closing_date,
        c1_0.country_id,
        c1_0.created_at,
        c1_0.email,
        c1_0.gps_latitude,
        c1_0.gps_longitude,
        c1_0.has_wifi,
        c1_0.is_active,
        c1_0.is_winter_camping,
        c1_0.long_description,
        c1_0.name,
        c1_0.opening_date,
        c1_0.phone_main,
        c1_0.phone_secondary,
        c1_0.postal_code,
        c1_0.province_state_id,
        c1_0.shade_percentage,
        c1_0.short_description,
        c1_0.sites_1_service,
        c1_0.sites_2_services,
        c1_0.sites_3_services,
        c1_0.sites_no_service,
        c1_0.total_sites,
        c1_0.traveler_sites_count,
        c1_0.updated_at,
        c1_0.website 
    from
        campground c1_0 
    where
        c1_0.id=?
Hibernate: 
    select
        st1_0.id,
        st1_0.code,
        st1_0.created_at,
        st1_0.display_order,
        st1_0.is_active,
        st1_0.name_en,
        st1_0.name_fr,
        st1_0.updated_at 
    from
        site_type st1_0 
    where
        st1_0.id=?
Hibernate: 
    select
        cpa1_0.campsite_id,
        cpa1_0.created_at,
        cpa1_0.pricing_option_id,
        cpa1_0.updated_at 
    from
        campsite_pricing_assignment cpa1_0 
    where
        cpa1_0.campsite_id=?
Hibernate: 
    select
        cpr1_0.id,
        cpr1_0.campground_id,
        cpr1_0.campsite_id,
        cpr1_0.created_at,
        cpr1_0.dynamic_max_price,
        cpr1_0.dynamic_min_price,
        cpr1_0.end_date,
        cpr1_0.fixed_price,
        cpr1_0.is_active,
        cpr1_0.label,
        cpr1_0.notes,
        cpr1_0.pricing_option_id,
        cpr1_0.pricing_type,
        cpr1_0.start_date,
        cpr1_0.target_type,
        cpr1_0.updated_at 
    from
        campsite_pricing_rule cpr1_0 
    where
        cpr1_0.campground_id=? 
    order by
        cpr1_0.start_date,
        cpr1_0.end_date
Hibernate: 
    select
        sst1_0.id,
        sst1_0.code,
        sst1_0.created_at,
        sst1_0.display_order,
        sst1_0.is_active,
        sst1_0.name_en,
        sst1_0.name_fr,
        sst1_0.updated_at 
    from
        site_service_type sst1_0 
    where
        sst1_0.id=?
Hibernate: 
    select
        st1_0.id,
        st1_0.code,
        st1_0.created_at,
        st1_0.display_order,
        st1_0.is_active,
        st1_0.name_en,
        st1_0.name_fr,
        st1_0.updated_at 
    from
        site_type st1_0 
    where
        st1_0.id=?
Hibernate: 
    select
        ps1_0.id,
        ps1_0.code,
        ps1_0.country_id,
        ps1_0.name 
    from
        province_state ps1_0 
    where
        ps1_0.id=?
Hibernate: 
    select
        c1_0.id,
        c1_0.code,
        c1_0.name 
    from
        country c1_0 
    where
        c1_0.id=?
Hibernate: 
    select
        sst1_0.id,
        sst1_0.code,
        sst1_0.created_at,
        sst1_0.display_order,
        sst1_0.is_active,
        sst1_0.name_en,
        sst1_0.name_fr,
        sst1_0.updated_at 
    from
        site_service_type sst1_0 
    where
        sst1_0.id=?
Hibernate: 
    select
        sa1_0.id,
        sa1_0.amps,
        sa1_0.code,
        sa1_0.created_at,
        sa1_0.display_order,
        sa1_0.is_active,
        sa1_0.name_en,
        sa1_0.name_fr,
        sa1_0.updated_at 
    from
        site_amperage sa1_0 
    where
        sa1_0.id=?
Hibernate: 
    select
        ps1_0.id,
        ps1_0.code,
        ps1_0.country_id,
        ps1_0.name 
    from
        province_state ps1_0 
    where
        ps1_0.id=?
Hibernate: 
    select
        sa1_0.id,
        sa1_0.amps,
        sa1_0.code,
        sa1_0.created_at,
        sa1_0.display_order,
        sa1_0.is_active,
        sa1_0.name_en,
        sa1_0.name_fr,
        sa1_0.updated_at 
    from
        site_amperage sa1_0 
    where
        sa1_0.id=?
Hibernate: 
    select
        cspo1_0.id,
        cspo1_0.campground_id,
        cspo1_0.created_at,
        cspo1_0.is_active,
        cspo1_0.name,
        cspo1_0.updated_at 
    from
        campground_site_pricing_option cspo1_0 
    where
        cspo1_0.id=?
Hibernate: 
    select
        cspo1_0.id,
        cspo1_0.campground_id,
        cspo1_0.created_at,
        cspo1_0.is_active,
        cspo1_0.name,
        cspo1_0.updated_at 
    from
        campground_site_pricing_option cspo1_0 
    where
        cspo1_0.id=?
Hibernate: 
    select
        c1_0.id,
        c1_0.code,
        c1_0.name 
    from
        country c1_0 
    where
        c1_0.id=?
Hibernate: 
    select
        cpa1_0.campsite_id,
        cpa1_0.created_at,
        cpa1_0.pricing_option_id,
        cpa1_0.updated_at 
    from
        campsite_pricing_assignment cpa1_0 
    where
        cpa1_0.campsite_id=?
Hibernate: 
    select
        cpa1_0.campsite_id,
        cpa1_0.created_at,
        cpa1_0.pricing_option_id,
        cpa1_0.updated_at 
    from
        campsite_pricing_assignment cpa1_0 
    where
        cpa1_0.campsite_id=?
Hibernate: 
    select
        sa1_0.id,
        sa1_0.amps,
        sa1_0.code,
        sa1_0.created_at,
        sa1_0.display_order,
        sa1_0.is_active,
        sa1_0.name_en,
        sa1_0.name_fr,
        sa1_0.updated_at 
    from
        site_amperage sa1_0 
    where
        sa1_0.id=?
Hibernate: 
    select
        sa1_0.id,
        sa1_0.amps,
        sa1_0.code,
        sa1_0.created_at,
        sa1_0.display_order,
        sa1_0.is_active,
        sa1_0.name_en,
        sa1_0.name_fr,
        sa1_0.updated_at 
    from
        site_amperage sa1_0 
    where
        sa1_0.id=?
Hibernate: 
    select
        cspo1_0.id,
        cspo1_0.campground_id,
        cspo1_0.created_at,
        cspo1_0.is_active,
        cspo1_0.name,
        cspo1_0.updated_at 
    from
        campground_site_pricing_option cspo1_0 
    where
        cspo1_0.id=?
Hibernate: 
    select
        cspo1_0.id,
        cspo1_0.campground_id,
        cspo1_0.created_at,
        cspo1_0.is_active,
        cspo1_0.name,
        cspo1_0.updated_at 
    from
        campground_site_pricing_option cspo1_0 
    where
        cspo1_0.id=?
Hibernate: 
    select
        cpa1_0.campsite_id,
        cpa1_0.created_at,
        cpa1_0.pricing_option_id,
        cpa1_0.updated_at 
    from
        campsite_pricing_assignment cpa1_0 
    where
        cpa1_0.campsite_id=?
Hibernate: 
    select
        cpa1_0.campsite_id,
        cpa1_0.created_at,
        cpa1_0.pricing_option_id,
        cpa1_0.updated_at 
    from
        campsite_pricing_assignment cpa1_0 
    where
        cpa1_0.campsite_id=?
Hibernate: 
    select
        u1_0.id,
        u1_0.address,
        u1_0.city,
        u1_0.country_id,
        u1_0.email,
        u1_0.equipment_length,
        u1_0.equipment_type,
        u1_0.firstname,
        u1_0.has_slide_out,
        u1_0.lastname,
        u1_0.password,
        u1_0.phone,
        u1_0.postal_code,
        u1_0.province_state_id,
        u1_0.role_id 
    from
        users u1_0 
    where
        u1_0.email=?
Hibernate: 
    select
        u1_0.id,
        u1_0.address,
        u1_0.city,
        u1_0.country_id,
        u1_0.email,
        u1_0.equipment_length,
        u1_0.equipment_type,
        u1_0.firstname,
        u1_0.has_slide_out,
        u1_0.lastname,
        u1_0.password,
        u1_0.phone,
        u1_0.postal_code,
        u1_0.province_state_id,
        u1_0.role_id 
    from
        users u1_0 
    where
        u1_0.email=?
Hibernate: 
    select
        u1_0.id,
        u1_0.address,
        u1_0.city,
        u1_0.country_id,
        u1_0.email,
        u1_0.equipment_length,
        u1_0.equipment_type,
        u1_0.firstname,
        u1_0.has_slide_out,
        u1_0.lastname,
        u1_0.password,
        u1_0.phone,
        u1_0.postal_code,
        u1_0.province_state_id,
        u1_0.role_id 
    from
        users u1_0 
    where
        u1_0.email=?
Hibernate: 
    select
        u1_0.id,
        u1_0.address,
        u1_0.city,
        u1_0.country_id,
        u1_0.email,
        u1_0.equipment_length,
        u1_0.equipment_type,
        u1_0.firstname,
        u1_0.has_slide_out,
        u1_0.lastname,
        u1_0.password,
        u1_0.phone,
        u1_0.postal_code,
        u1_0.province_state_id,
        u1_0.role_id 
    from
        users u1_0 
    where
        u1_0.email=?
Hibernate: 
    select
        c1_0.id,
        c1_0.code,
        c1_0.name 
    from
        country c1_0 
    where
        c1_0.id=?
Hibernate: 
    select
        c1_0.id,
        c1_0.code,
        c1_0.name 
    from
        country c1_0 
    where
        c1_0.id=?
Hibernate: 
    select
        c1_0.id,
        c1_0.code,
        c1_0.name 
    from
        country c1_0 
    where
        c1_0.id=?
Hibernate: 
    select
        c1_0.id,
        c1_0.code,
        c1_0.name 
    from
        country c1_0 
    where
        c1_0.id=?
Hibernate: 
    select
        u1_0.id,
        u1_0.address,
        u1_0.city,
        u1_0.country_id,
        u1_0.email,
        u1_0.equipment_length,
        u1_0.equipment_type,
        u1_0.firstname,
        u1_0.has_slide_out,
        u1_0.lastname,
        u1_0.password,
        u1_0.phone,
        u1_0.postal_code,
        u1_0.province_state_id,
        u1_0.role_id 
    from
        users u1_0 
    where
        u1_0.email=?
Hibernate: 
    select
        u1_0.id,
        u1_0.address,
        u1_0.city,
        u1_0.country_id,
        u1_0.email,
        u1_0.equipment_length,
        u1_0.equipment_type,
        u1_0.firstname,
        u1_0.has_slide_out,
        u1_0.lastname,
        u1_0.password,
        u1_0.phone,
        u1_0.postal_code,
        u1_0.province_state_id,
        u1_0.role_id 
    from
        users u1_0 
    where
        u1_0.email=?
Hibernate: 
    select
        ps1_0.id,
        ps1_0.code,
        ps1_0.country_id,
        ps1_0.name 
    from
        province_state ps1_0 
    where
        ps1_0.id=?
Hibernate: 
    select
        ps1_0.id,
        ps1_0.code,
        ps1_0.country_id,
        ps1_0.name 
    from
        province_state ps1_0 
    where
        ps1_0.id=?
Hibernate: 
    select
        ps1_0.id,
        ps1_0.code,
        ps1_0.country_id,
        ps1_0.name 
    from
        province_state ps1_0 
    where
        ps1_0.id=?
Hibernate: 
    select
        c1_0.id,
        c1_0.code,
        c1_0.name 
    from
        country c1_0 
    where
        c1_0.id=?
Hibernate: 
    select
        ps1_0.id,
        ps1_0.code,
        ps1_0.country_id,
        ps1_0.name 
    from
        province_state ps1_0 
    where
        ps1_0.id=?
Hibernate: 
    select
        c1_0.id,
        c1_0.code,
        c1_0.name 
    from
        country c1_0 
    where
        c1_0.id=?
Hibernate: 
    select
        r1_0.id,
        r1_0.name 
    from
        roles r1_0 
    where
        r1_0.id=?
Hibernate: 
    select
        r1_0.id,
        r1_0.name 
    from
        roles r1_0 
    where
        r1_0.id=?
Hibernate: 
    select
        r1_0.id,
        r1_0.name 
    from
        roles r1_0 
    where
        r1_0.id=?
Hibernate: 
    select
        ps1_0.id,
        ps1_0.code,
        ps1_0.country_id,
        ps1_0.name 
    from
        province_state ps1_0 
    where
        ps1_0.id=?
Hibernate: 
    select
        r1_0.id,
        r1_0.name 
    from
        roles r1_0 
    where
        r1_0.id=?
Hibernate: 
    select
        ps1_0.id,
        ps1_0.code,
        ps1_0.country_id,
        ps1_0.name 
    from
        province_state ps1_0 
    where
        ps1_0.id=?
Hibernate: 
    select
        r1_0.id,
        r1_0.name 
    from
        roles r1_0 
    where
        r1_0.id=?
Hibernate: 
    select
        r1_0.id,
        r1_0.name 
    from
        roles r1_0 
    where
        r1_0.id=?
Hibernate: 
    select
        c1_0.id,
        c1_0.campground_id,
        c1_0.created_at,
        c1_0.is_active,
        c1_0.is_pull_through,
        c1_0.label_x,
        c1_0.label_y,
        c1_0.length_feet,
        c1_0.map_polygon_json,
        c1_0.max_equipment_length_feet,
        c1_0.notes,
        c1_0.site_amperage_id,
        c1_0.site_code,
        c1_0.site_service_type_id,
        c1_0.site_type_id,
        c1_0.updated_at,
        c1_0.width_feet 
    from
        campsite c1_0 
    where
        c1_0.campground_id=? 
    order by
        c1_0.site_code
Hibernate: 
    select
        c1_0.id,
        c1_0.address_line_1,
        c1_0.address_line_2,
        c1_0.check_in_time,
        c1_0.check_out_time,
        c1_0.city,
        c1_0.closing_date,
        c1_0.country_id,
        c1_0.created_at,
        c1_0.email,
        c1_0.gps_latitude,
        c1_0.gps_longitude,
        c1_0.has_wifi,
        c1_0.is_active,
        c1_0.is_winter_camping,
        c1_0.long_description,
        c1_0.name,
        c1_0.opening_date,
        c1_0.phone_main,
        c1_0.phone_secondary,
        c1_0.postal_code,
        c1_0.province_state_id,
        c1_0.shade_percentage,
        c1_0.short_description,
        c1_0.sites_1_service,
        c1_0.sites_2_services,
        c1_0.sites_3_services,
        c1_0.sites_no_service,
        c1_0.total_sites,
        c1_0.traveler_sites_count,
        c1_0.updated_at,
        c1_0.website 
    from
        campground c1_0 
    where
        c1_0.id=?
Hibernate: 
    select
        c1_0.id,
        c1_0.address_line_1,
        c1_0.address_line_2,
        c1_0.check_in_time,
        c1_0.check_out_time,
        c1_0.city,
        c1_0.closing_date,
        c1_0.country_id,
        c1_0.created_at,
        c1_0.email,
        c1_0.gps_latitude,
        c1_0.gps_longitude,
        c1_0.has_wifi,
        c1_0.is_active,
        c1_0.is_winter_camping,
        c1_0.long_description,
        c1_0.name,
        c1_0.opening_date,
        c1_0.phone_main,
        c1_0.phone_secondary,
        c1_0.postal_code,
        c1_0.province_state_id,
        c1_0.shade_percentage,
        c1_0.short_description,
        c1_0.sites_1_service,
        c1_0.sites_2_services,
        c1_0.sites_3_services,
        c1_0.sites_no_service,
        c1_0.total_sites,
        c1_0.traveler_sites_count,
        c1_0.updated_at,
        c1_0.website 
    from
        campground c1_0 
    where
        c1_0.id=?
Hibernate: 
    select
        c1_0.id,
        c1_0.address_line_1,
        c1_0.address_line_2,
        c1_0.check_in_time,
        c1_0.check_out_time,
        c1_0.city,
        c1_0.closing_date,
        c1_0.country_id,
        c1_0.created_at,
        c1_0.email,
        c1_0.gps_latitude,
        c1_0.gps_longitude,
        c1_0.has_wifi,
        c1_0.is_active,
        c1_0.is_winter_camping,
        c1_0.long_description,
        c1_0.name,
        c1_0.opening_date,
        c1_0.phone_main,
        c1_0.phone_secondary,
        c1_0.postal_code,
        c1_0.province_state_id,
        c1_0.shade_percentage,
        c1_0.short_description,
        c1_0.sites_1_service,
        c1_0.sites_2_services,
        c1_0.sites_3_services,
        c1_0.sites_no_service,
        c1_0.total_sites,
        c1_0.traveler_sites_count,
        c1_0.updated_at,
        c1_0.website 
    from
        campground c1_0 
    where
        c1_0.id=?
Hibernate: 
    select
        cpa1_0.campsite_id,
        cpa1_0.created_at,
        cpa1_0.pricing_option_id,
        cpa1_0.updated_at 
    from
        campsite_pricing_assignment cpa1_0 
    where
        cpa1_0.campsite_id=?
Hibernate: 
    select
        c1_0.id,
        c1_0.campground_id,
        c1_0.created_at,
        c1_0.is_active,
        c1_0.is_pull_through,
        c1_0.label_x,
        c1_0.label_y,
        c1_0.length_feet,
        c1_0.map_polygon_json,
        c1_0.max_equipment_length_feet,
        c1_0.notes,
        c1_0.site_amperage_id,
        c1_0.site_code,
        c1_0.site_service_type_id,
        c1_0.site_type_id,
        c1_0.updated_at,
        c1_0.width_feet 
    from
        campsite c1_0 
    where
        c1_0.campground_id=? 
    order by
        c1_0.site_code
Hibernate: 
    select
        c1_0.id,
        c1_0.address_line_1,
        c1_0.address_line_2,
        c1_0.check_in_time,
        c1_0.check_out_time,
        c1_0.city,
        c1_0.closing_date,
        c1_0.country_id,
        c1_0.created_at,
        c1_0.email,
        c1_0.gps_latitude,
        c1_0.gps_longitude,
        c1_0.has_wifi,
        c1_0.is_active,
        c1_0.is_winter_camping,
        c1_0.long_description,
        c1_0.name,
        c1_0.opening_date,
        c1_0.phone_main,
        c1_0.phone_secondary,
        c1_0.postal_code,
        c1_0.province_state_id,
        c1_0.shade_percentage,
        c1_0.short_description,
        c1_0.sites_1_service,
        c1_0.sites_2_services,
        c1_0.sites_3_services,
        c1_0.sites_no_service,
        c1_0.total_sites,
        c1_0.traveler_sites_count,
        c1_0.updated_at,
        c1_0.website 
    from
        campground c1_0 
    where
        c1_0.id=?
Hibernate: 
    select
        st1_0.id,
        st1_0.code,
        st1_0.created_at,
        st1_0.display_order,
        st1_0.is_active,
        st1_0.name_en,
        st1_0.name_fr,
        st1_0.updated_at 
    from
        site_type st1_0 
    where
        st1_0.id=?
Hibernate: 
    select
        cpa1_0.campsite_id,
        cpa1_0.created_at,
        cpa1_0.pricing_option_id,
        cpa1_0.updated_at 
    from
        campsite_pricing_assignment cpa1_0 
    where
        cpa1_0.campsite_id=?
Hibernate: 
    select
        cm1_0.id,
        cm1_0.background_image_path,
        cm1_0.campground_id,
        cm1_0.created_at,
        cm1_0.image_height,
        cm1_0.image_width,
        cm1_0.is_active,
        cm1_0.updated_at 
    from
        campground_map cm1_0 
    where
        cm1_0.campground_id=?
Hibernate: 
    select
        sst1_0.id,
        sst1_0.code,
        sst1_0.created_at,
        sst1_0.display_order,
        sst1_0.is_active,
        sst1_0.name_en,
        sst1_0.name_fr,
        sst1_0.updated_at 
    from
        site_service_type sst1_0 
    where
        sst1_0.id=?
Hibernate: 
    select
        ps1_0.id,
        ps1_0.code,
        ps1_0.country_id,
        ps1_0.name 
    from
        province_state ps1_0 
    where
        ps1_0.id=?
Hibernate: 
    select
        ps1_0.id,
        ps1_0.code,
        ps1_0.country_id,
        ps1_0.name 
    from
        province_state ps1_0 
    where
        ps1_0.id=?
Hibernate: 
    select
        st1_0.id,
        st1_0.code,
        st1_0.created_at,
        st1_0.display_order,
        st1_0.is_active,
        st1_0.name_en,
        st1_0.name_fr,
        st1_0.updated_at 
    from
        site_type st1_0 
    where
        st1_0.id=?
Hibernate: 
    select
        c1_0.id,
        c1_0.code,
        c1_0.name 
    from
        country c1_0 
    where
        c1_0.id=?
Hibernate: 
    select
        c1_0.id,
        c1_0.campground_id,
        c1_0.created_at,
        c1_0.is_active,
        c1_0.is_pull_through,
        c1_0.label_x,
        c1_0.label_y,
        c1_0.length_feet,
        c1_0.map_polygon_json,
        c1_0.max_equipment_length_feet,
        c1_0.notes,
        c1_0.site_amperage_id,
        c1_0.site_code,
        c1_0.site_service_type_id,
        c1_0.site_type_id,
        c1_0.updated_at,
        c1_0.width_feet 
    from
        campsite c1_0 
    where
        c1_0.campground_id=? 
    order by
        c1_0.site_code
Hibernate: 
    select
        c1_0.id,
        c1_0.code,
        c1_0.name 
    from
        country c1_0 
    where
        c1_0.id=?
Hibernate: 
    select
        sst1_0.id,
        sst1_0.code,
        sst1_0.created_at,
        sst1_0.display_order,
        sst1_0.is_active,
        sst1_0.name_en,
        sst1_0.name_fr,
        sst1_0.updated_at 
    from
        site_service_type sst1_0 
    where
        sst1_0.id=?
Hibernate: 
    select
        sa1_0.id,
        sa1_0.amps,
        sa1_0.code,
        sa1_0.created_at,
        sa1_0.display_order,
        sa1_0.is_active,
        sa1_0.name_en,
        sa1_0.name_fr,
        sa1_0.updated_at 
    from
        site_amperage sa1_0 
    where
        sa1_0.id=?
Hibernate: 
    select
        cm1_0.id,
        cm1_0.background_image_path,
        cm1_0.campground_id,
        cm1_0.created_at,
        cm1_0.image_height,
        cm1_0.image_width,
        cm1_0.is_active,
        cm1_0.updated_at 
    from
        campground_map cm1_0 
    where
        cm1_0.campground_id=?
Hibernate: 
    select
        count(cp1_0.id) 
    from
        campsite_photo cp1_0 
    where
        cp1_0.campsite_id=?
Hibernate: 
    select
        count(cp1_0.id) 
    from
        campsite_photo cp1_0 
    where
        cp1_0.campsite_id=?
Hibernate: 
    select
        count(cp1_0.id) 
    from
        campsite_photo cp1_0 
    where
        cp1_0.campsite_id=?
Hibernate: 
    select
        cme1_0.id,
        cme1_0.campground_id,
        cme1_0.is_active,
        cme1_0.labelx,
        cme1_0.labely,
        cme1_0.name,
        cme1_0.polygon_json,
        cme1_0.element_type_id 
    from
        campground_map_element cme1_0 
    where
        cme1_0.campground_id=? 
        and cme1_0.is_active
Hibernate: 
    select
        cspo1_0.id,
        cspo1_0.campground_id,
        cspo1_0.created_at,
        cspo1_0.is_active,
        cspo1_0.name,
        cspo1_0.updated_at 
    from
        campground_site_pricing_option cspo1_0 
    where
        cspo1_0.id=?
Hibernate: 
    select
        sa1_0.id,
        sa1_0.amps,
        sa1_0.code,
        sa1_0.created_at,
        sa1_0.display_order,
        sa1_0.is_active,
        sa1_0.name_en,
        sa1_0.name_fr,
        sa1_0.updated_at 
    from
        site_amperage sa1_0 
    where
        sa1_0.id=?
Hibernate: 
    select
        c1_0.id,
        c1_0.campground_id,
        c1_0.created_at,
        c1_0.is_active,
        c1_0.is_pull_through,
        c1_0.label_x,
        c1_0.label_y,
        c1_0.length_feet,
        c1_0.map_polygon_json,
        c1_0.max_equipment_length_feet,
        c1_0.notes,
        c1_0.site_amperage_id,
        c1_0.site_code,
        c1_0.site_service_type_id,
        c1_0.site_type_id,
        c1_0.updated_at,
        c1_0.width_feet 
    from
        campsite c1_0 
    where
        c1_0.campground_id=? 
    order by
        c1_0.site_code
Hibernate: 
    select
        cpa1_0.campsite_id,
        cpa1_0.created_at,
        cpa1_0.pricing_option_id,
        cpa1_0.updated_at 
    from
        campsite_pricing_assignment cpa1_0 
    where
        cpa1_0.campsite_id=?
Hibernate: 
    select
        sa1_0.id,
        sa1_0.amps,
        sa1_0.code,
        sa1_0.created_at,
        sa1_0.display_order,
        sa1_0.is_active,
        sa1_0.name_en,
        sa1_0.name_fr,
        sa1_0.updated_at 
    from
        site_amperage sa1_0 
    where
        sa1_0.id=?
Hibernate: 
    select
        count(cp1_0.id) 
    from
        campsite_photo cp1_0 
    where
        cp1_0.campsite_id=?
Hibernate: 
    select
        cspo1_0.id,
        cspo1_0.campground_id,
        cspo1_0.created_at,
        cspo1_0.is_active,
        cspo1_0.name,
        cspo1_0.updated_at 
    from
        campground_site_pricing_option cspo1_0 
    where
        cspo1_0.id=?
Hibernate: 
    select
        count(cp1_0.id) 
    from
        campsite_photo cp1_0 
    where
        cp1_0.campsite_id=?
Hibernate: 
    select
        cpa1_0.campsite_id,
        cpa1_0.created_at,
        cpa1_0.pricing_option_id,
        cpa1_0.updated_at 
    from
        campsite_pricing_assignment cpa1_0 
    where
        cpa1_0.campsite_id=?
Hibernate: 
    select
        count(cp1_0.id) 
    from
        campsite_photo cp1_0 
    where
        cp1_0.campsite_id=?
Hibernate: 
    select
        cspo1_0.id,
        cspo1_0.campground_id,
        cspo1_0.created_at,
        cspo1_0.is_active,
        cspo1_0.name,
        cspo1_0.updated_at 
    from
        campground_site_pricing_option cspo1_0 
    where
        cspo1_0.id=?
Hibernate: 
    select
        cme1_0.id,
        cme1_0.campground_id,
        cme1_0.is_active,
        cme1_0.labelx,
        cme1_0.labely,
        cme1_0.name,
        cme1_0.polygon_json,
        cme1_0.element_type_id 
    from
        campground_map_element cme1_0 
    where
        cme1_0.campground_id=? 
        and cme1_0.is_active
Hibernate: 
    select
        cpa1_0.campsite_id,
        cpa1_0.created_at,
        cpa1_0.pricing_option_id,
        cpa1_0.updated_at 
    from
        campsite_pricing_assignment cpa1_0 
    where
        cpa1_0.campsite_id=?
Hibernate: 
    select
        sa1_0.id,
        sa1_0.amps,
        sa1_0.code,
        sa1_0.created_at,
        sa1_0.display_order,
        sa1_0.is_active,
        sa1_0.name_en,
        sa1_0.name_fr,
        sa1_0.updated_at 
    from
        site_amperage sa1_0 
    where
        sa1_0.id=?
Hibernate: 
    select
        cspo1_0.id,
        cspo1_0.campground_id,
        cspo1_0.created_at,
        cspo1_0.is_active,
        cspo1_0.name,
        cspo1_0.updated_at 
    from
        campground_site_pricing_option cspo1_0 
    where
        cspo1_0.id=?
Hibernate: 
    select
        cpa1_0.campsite_id,
        cpa1_0.created_at,
        cpa1_0.pricing_option_id,
        cpa1_0.updated_at 
    from
        campsite_pricing_assignment cpa1_0 
    where
        cpa1_0.campsite_id=?
Hibernate: 
    select
        u1_0.id,
        u1_0.address,
        u1_0.city,
        u1_0.country_id,
        u1_0.email,
        u1_0.equipment_length,
        u1_0.equipment_type,
        u1_0.firstname,
        u1_0.has_slide_out,
        u1_0.lastname,
        u1_0.password,
        u1_0.phone,
        u1_0.postal_code,
        u1_0.province_state_id,
        u1_0.role_id 
    from
        users u1_0 
    where
        u1_0.email=?
Hibernate: 
    select
        u1_0.id,
        u1_0.address,
        u1_0.city,
        u1_0.country_id,
        u1_0.email,
        u1_0.equipment_length,
        u1_0.equipment_type,
        u1_0.firstname,
        u1_0.has_slide_out,
        u1_0.lastname,
        u1_0.password,
        u1_0.phone,
        u1_0.postal_code,
        u1_0.province_state_id,
        u1_0.role_id 
    from
        users u1_0 
    where
        u1_0.email=?
Hibernate: 
    select
        u1_0.id,
        u1_0.address,
        u1_0.city,
        u1_0.country_id,
        u1_0.email,
        u1_0.equipment_length,
        u1_0.equipment_type,
        u1_0.firstname,
        u1_0.has_slide_out,
        u1_0.lastname,
        u1_0.password,
        u1_0.phone,
        u1_0.postal_code,
        u1_0.province_state_id,
        u1_0.role_id 
    from
        users u1_0 
    where
        u1_0.email=?
Hibernate: 
    select
        u1_0.id,
        u1_0.address,
        u1_0.city,
        u1_0.country_id,
        u1_0.email,
        u1_0.equipment_length,
        u1_0.equipment_type,
        u1_0.firstname,
        u1_0.has_slide_out,
        u1_0.lastname,
        u1_0.password,
        u1_0.phone,
        u1_0.postal_code,
        u1_0.province_state_id,
        u1_0.role_id 
    from
        users u1_0 
    where
        u1_0.email=?
Hibernate: 
    select
        c1_0.id,
        c1_0.code,
        c1_0.name 
    from
        country c1_0 
    where
        c1_0.id=?
Hibernate: 
    select
        u1_0.id,
        u1_0.address,
        u1_0.city,
        u1_0.country_id,
        u1_0.email,
        u1_0.equipment_length,
        u1_0.equipment_type,
        u1_0.firstname,
        u1_0.has_slide_out,
        u1_0.lastname,
        u1_0.password,
        u1_0.phone,
        u1_0.postal_code,
        u1_0.province_state_id,
        u1_0.role_id 
    from
        users u1_0 
    where
        u1_0.email=?
Hibernate: 
    select
        c1_0.id,
        c1_0.code,
        c1_0.name 
    from
        country c1_0 
    where
        c1_0.id=?
Hibernate: 
    select
        u1_0.id,
        u1_0.address,
        u1_0.city,
        u1_0.country_id,
        u1_0.email,
        u1_0.equipment_length,
        u1_0.equipment_type,
        u1_0.firstname,
        u1_0.has_slide_out,
        u1_0.lastname,
        u1_0.password,
        u1_0.phone,
        u1_0.postal_code,
        u1_0.province_state_id,
        u1_0.role_id 
    from
        users u1_0 
    where
        u1_0.email=?
Hibernate: 
    select
        c1_0.id,
        c1_0.code,
        c1_0.name 
    from
        country c1_0 
    where
        c1_0.id=?
Hibernate: 
    select
        c1_0.id,
        c1_0.code,
        c1_0.name 
    from
        country c1_0 
    where
        c1_0.id=?
Hibernate: 
    select
        ps1_0.id,
        ps1_0.code,
        ps1_0.country_id,
        ps1_0.name 
    from
        province_state ps1_0 
    where
        ps1_0.id=?
Hibernate: 
    select
        c1_0.id,
        c1_0.code,
        c1_0.name 
    from
        country c1_0 
    where
        c1_0.id=?
Hibernate: 
    select
        ps1_0.id,
        ps1_0.code,
        ps1_0.country_id,
        ps1_0.name 
    from
        province_state ps1_0 
    where
        ps1_0.id=?
Hibernate: 
    select
        c1_0.id,
        c1_0.code,
        c1_0.name 
    from
        country c1_0 
    where
        c1_0.id=?
Hibernate: 
    select
        ps1_0.id,
        ps1_0.code,
        ps1_0.country_id,
        ps1_0.name 
    from
        province_state ps1_0 
    where
        ps1_0.id=?
Hibernate: 
    select
        ps1_0.id,
        ps1_0.code,
        ps1_0.country_id,
        ps1_0.name 
    from
        province_state ps1_0 
    where
        ps1_0.id=?
Hibernate: 
    select
        ps1_0.id,
        ps1_0.code,
        ps1_0.country_id,
        ps1_0.name 
    from
        province_state ps1_0 
    where
        ps1_0.id=?
Hibernate: 
    select
        r1_0.id,
        r1_0.name 
    from
        roles r1_0 
    where
        r1_0.id=?
Hibernate: 
    select
        ps1_0.id,
        ps1_0.code,
        ps1_0.country_id,
        ps1_0.name 
    from
        province_state ps1_0 
    where
        ps1_0.id=?
Hibernate: 
    select
        r1_0.id,
        r1_0.name 
    from
        roles r1_0 
    where
        r1_0.id=?
Hibernate: 
    select
        r1_0.id,
        r1_0.name 
    from
        roles r1_0 
    where
        r1_0.id=?
Hibernate: 
    select
        r1_0.id,
        r1_0.name 
    from
        roles r1_0 
    where
        r1_0.id=?
Hibernate: 
    select
        r1_0.id,
        r1_0.name 
    from
        roles r1_0 
    where
        r1_0.id=?
Hibernate: 
    select
        r1_0.id,
        r1_0.name 
    from
        roles r1_0 
    where
        r1_0.id=?
Hibernate: 
    select
        cpr1_0.id,
        cpr1_0.campground_id,
        cpr1_0.campsite_id,
        cpr1_0.created_at,
        cpr1_0.dynamic_max_price,
        cpr1_0.dynamic_min_price,
        cpr1_0.end_date,
        cpr1_0.fixed_price,
        cpr1_0.is_active,
        cpr1_0.label,
        cpr1_0.notes,
        cpr1_0.pricing_option_id,
        cpr1_0.pricing_type,
        cpr1_0.start_date,
        cpr1_0.target_type,
        cpr1_0.updated_at 
    from
        campsite_pricing_rule cpr1_0 
    where
        cpr1_0.campground_id=? 
    order by
        cpr1_0.start_date,
        cpr1_0.end_date
Hibernate: 
    select
        cpr1_0.id,
        cpr1_0.campground_id,
        cpr1_0.campsite_id,
        cpr1_0.created_at,
        cpr1_0.dynamic_max_price,
        cpr1_0.dynamic_min_price,
        cpr1_0.end_date,
        cpr1_0.fixed_price,
        cpr1_0.is_active,
        cpr1_0.label,
        cpr1_0.notes,
        cpr1_0.pricing_option_id,
        cpr1_0.pricing_type,
        cpr1_0.start_date,
        cpr1_0.target_type,
        cpr1_0.updated_at 
    from
        campsite_pricing_rule cpr1_0 
    where
        cpr1_0.campground_id=? 
    order by
        cpr1_0.start_date,
        cpr1_0.end_date
Hibernate: 
    select
        c1_0.id,
        c1_0.campground_id,
        c1_0.created_at,
        c1_0.is_active,
        c1_0.is_pull_through,
        c1_0.label_x,
        c1_0.label_y,
        c1_0.length_feet,
        c1_0.map_polygon_json,
        c1_0.max_equipment_length_feet,
        c1_0.notes,
        c1_0.site_amperage_id,
        c1_0.site_code,
        c1_0.site_service_type_id,
        c1_0.site_type_id,
        c1_0.updated_at,
        c1_0.width_feet 
    from
        campsite c1_0 
    where
        c1_0.campground_id=? 
    order by
        c1_0.site_code
Hibernate: 
    select
        c1_0.id,
        c1_0.address_line_1,
        c1_0.address_line_2,
        c1_0.check_in_time,
        c1_0.check_out_time,
        c1_0.city,
        c1_0.closing_date,
        c1_0.country_id,
        c1_0.created_at,
        c1_0.email,
        c1_0.gps_latitude,
        c1_0.gps_longitude,
        c1_0.has_wifi,
        c1_0.is_active,
        c1_0.is_winter_camping,
        c1_0.long_description,
        c1_0.name,
        c1_0.opening_date,
        c1_0.phone_main,
        c1_0.phone_secondary,
        c1_0.postal_code,
        c1_0.province_state_id,
        c1_0.shade_percentage,
        c1_0.short_description,
        c1_0.sites_1_service,
        c1_0.sites_2_services,
        c1_0.sites_3_services,
        c1_0.sites_no_service,
        c1_0.total_sites,
        c1_0.traveler_sites_count,
        c1_0.updated_at,
        c1_0.website 
    from
        campground c1_0 
    where
        c1_0.id=?
Hibernate: 
    select
        c1_0.id,
        c1_0.campground_id,
        c1_0.created_at,
        c1_0.is_active,
        c1_0.is_pull_through,
        c1_0.label_x,
        c1_0.label_y,
        c1_0.length_feet,
        c1_0.map_polygon_json,
        c1_0.max_equipment_length_feet,
        c1_0.notes,
        c1_0.site_amperage_id,
        c1_0.site_code,
        c1_0.site_service_type_id,
        c1_0.site_type_id,
        c1_0.updated_at,
        c1_0.width_feet 
    from
        campsite c1_0 
    where
        c1_0.campground_id=? 
    order by
        c1_0.site_code
Hibernate: 
    select
        c1_0.id,
        c1_0.address_line_1,
        c1_0.address_line_2,
        c1_0.check_in_time,
        c1_0.check_out_time,
        c1_0.city,
        c1_0.closing_date,
        c1_0.country_id,
        c1_0.created_at,
        c1_0.email,
        c1_0.gps_latitude,
        c1_0.gps_longitude,
        c1_0.has_wifi,
        c1_0.is_active,
        c1_0.is_winter_camping,
        c1_0.long_description,
        c1_0.name,
        c1_0.opening_date,
        c1_0.phone_main,
        c1_0.phone_secondary,
        c1_0.postal_code,
        c1_0.province_state_id,
        c1_0.shade_percentage,
        c1_0.short_description,
        c1_0.sites_1_service,
        c1_0.sites_2_services,
        c1_0.sites_3_services,
        c1_0.sites_no_service,
        c1_0.total_sites,
        c1_0.traveler_sites_count,
        c1_0.updated_at,
        c1_0.website 
    from
        campground c1_0 
    where
        c1_0.id=?
Hibernate: 
    select
        cpa1_0.campsite_id,
        cpa1_0.created_at,
        cpa1_0.pricing_option_id,
        cpa1_0.updated_at 
    from
        campsite_pricing_assignment cpa1_0 
    where
        cpa1_0.campsite_id=?
Hibernate: 
    select
        cpa1_0.campsite_id,
        cpa1_0.created_at,
        cpa1_0.pricing_option_id,
        cpa1_0.updated_at 
    from
        campsite_pricing_assignment cpa1_0 
    where
        cpa1_0.campsite_id=?
Hibernate: 
    select
        ps1_0.id,
        ps1_0.code,
        ps1_0.country_id,
        ps1_0.name 
    from
        province_state ps1_0 
    where
        ps1_0.id=?
Hibernate: 
    select
        st1_0.id,
        st1_0.code,
        st1_0.created_at,
        st1_0.display_order,
        st1_0.is_active,
        st1_0.name_en,
        st1_0.name_fr,
        st1_0.updated_at 
    from
        site_type st1_0 
    where
        st1_0.id=?
Hibernate: 
    select
        ps1_0.id,
        ps1_0.code,
        ps1_0.country_id,
        ps1_0.name 
    from
        province_state ps1_0 
    where
        ps1_0.id=?
Hibernate: 
    select
        st1_0.id,
        st1_0.code,
        st1_0.created_at,
        st1_0.display_order,
        st1_0.is_active,
        st1_0.name_en,
        st1_0.name_fr,
        st1_0.updated_at 
    from
        site_type st1_0 
    where
        st1_0.id=?
Hibernate: 
    select
        c1_0.id,
        c1_0.code,
        c1_0.name 
    from
        country c1_0 
    where
        c1_0.id=?
Hibernate: 
    select
        sst1_0.id,
        sst1_0.code,
        sst1_0.created_at,
        sst1_0.display_order,
        sst1_0.is_active,
        sst1_0.name_en,
        sst1_0.name_fr,
        sst1_0.updated_at 
    from
        site_service_type sst1_0 
    where
        sst1_0.id=?
Hibernate: 
    select
        c1_0.id,
        c1_0.code,
        c1_0.name 
    from
        country c1_0 
    where
        c1_0.id=?
Hibernate: 
    select
        sst1_0.id,
        sst1_0.code,
        sst1_0.created_at,
        sst1_0.display_order,
        sst1_0.is_active,
        sst1_0.name_en,
        sst1_0.name_fr,
        sst1_0.updated_at 
    from
        site_service_type sst1_0 
    where
        sst1_0.id=?
Hibernate: 
    select
        sa1_0.id,
        sa1_0.amps,
        sa1_0.code,
        sa1_0.created_at,
        sa1_0.display_order,
        sa1_0.is_active,
        sa1_0.name_en,
        sa1_0.name_fr,
        sa1_0.updated_at 
    from
        site_amperage sa1_0 
    where
        sa1_0.id=?
Hibernate: 
    select
        sa1_0.id,
        sa1_0.amps,
        sa1_0.code,
        sa1_0.created_at,
        sa1_0.display_order,
        sa1_0.is_active,
        sa1_0.name_en,
        sa1_0.name_fr,
        sa1_0.updated_at 
    from
        site_amperage sa1_0 
    where
        sa1_0.id=?
Hibernate: 
    select
        cspo1_0.id,
        cspo1_0.campground_id,
        cspo1_0.created_at,
        cspo1_0.is_active,
        cspo1_0.name,
        cspo1_0.updated_at 
    from
        campground_site_pricing_option cspo1_0 
    where
        cspo1_0.id=?
Hibernate: 
    select
        cspo1_0.id,
        cspo1_0.campground_id,
        cspo1_0.created_at,
        cspo1_0.is_active,
        cspo1_0.name,
        cspo1_0.updated_at 
    from
        campground_site_pricing_option cspo1_0 
    where
        cspo1_0.id=?
Hibernate: 
    select
        cpa1_0.campsite_id,
        cpa1_0.created_at,
        cpa1_0.pricing_option_id,
        cpa1_0.updated_at 
    from
        campsite_pricing_assignment cpa1_0 
    where
        cpa1_0.campsite_id=?
Hibernate: 
    select
        cpa1_0.campsite_id,
        cpa1_0.created_at,
        cpa1_0.pricing_option_id,
        cpa1_0.updated_at 
    from
        campsite_pricing_assignment cpa1_0 
    where
        cpa1_0.campsite_id=?
Hibernate: 
    select
        sa1_0.id,
        sa1_0.amps,
        sa1_0.code,
        sa1_0.created_at,
        sa1_0.display_order,
        sa1_0.is_active,
        sa1_0.name_en,
        sa1_0.name_fr,
        sa1_0.updated_at 
    from
        site_amperage sa1_0 
    where
        sa1_0.id=?
Hibernate: 
    select
        sa1_0.id,
        sa1_0.amps,
        sa1_0.code,
        sa1_0.created_at,
        sa1_0.display_order,
        sa1_0.is_active,
        sa1_0.name_en,
        sa1_0.name_fr,
        sa1_0.updated_at 
    from
        site_amperage sa1_0 
    where
        sa1_0.id=?
Hibernate: 
    select
        cspo1_0.id,
        cspo1_0.campground_id,
        cspo1_0.created_at,
        cspo1_0.is_active,
        cspo1_0.name,
        cspo1_0.updated_at 
    from
        campground_site_pricing_option cspo1_0 
    where
        cspo1_0.id=?
Hibernate: 
    select
        cspo1_0.id,
        cspo1_0.campground_id,
        cspo1_0.created_at,
        cspo1_0.is_active,
        cspo1_0.name,
        cspo1_0.updated_at 
    from
        campground_site_pricing_option cspo1_0 
    where
        cspo1_0.id=?
Hibernate: 
    select
        cpa1_0.campsite_id,
        cpa1_0.created_at,
        cpa1_0.pricing_option_id,
        cpa1_0.updated_at 
    from
        campsite_pricing_assignment cpa1_0 
    where
        cpa1_0.campsite_id=?
Hibernate: 
    select
        cpa1_0.campsite_id,
        cpa1_0.created_at,
        cpa1_0.pricing_option_id,
        cpa1_0.updated_at 
    from
        campsite_pricing_assignment cpa1_0 
    where
        cpa1_0.campsite_id=?

> Task :bootRun FAILED
4 actionable tasks: 1 executed, 3 up-to-date
