Starting a Gradle Daemon (subsequent builds will be faster)
> Task :compileJava UP-TO-DATE
> Task :processResources UP-TO-DATE
> Task :classes UP-TO-DATE
> Task :resolveMainClassName UP-TO-DATE

> Task :bootRun

  .   ____          _            __ _ _
 /\\ / ___'_ __ _ _(_)_ __  __ _ \ \ \ \
( ( )\___ | '_ | '_| | '_ \/ _` | \ \ \ \
 \\/  ___)| |_)| | | | | || (_| |  ) ) ) )
  '  |____| .__|_| |_|_| |_\__, | / / / /
 =========|_|==============|___/=/_/_/_/

 :: Spring Boot ::                (v3.3.2)

2026-04-23T07:40:39.137-04:00  INFO 8885 --- [           main] c.g.r.ReserveCampingApplication          : Starting ReserveCampingApplication using Java 21.0.8 with PID 8885 (/Users/ericbeaudoin/GoCampProjects/backend/build/classes/java/main started by ericbeaudoin in /Users/ericbeaudoin/GoCampProjects/backend)
2026-04-23T07:40:39.142-04:00  INFO 8885 --- [           main] c.g.r.ReserveCampingApplication          : No active profile set, falling back to 1 default profile: "default"
2026-04-23T07:40:39.933-04:00  INFO 8885 --- [           main] .s.d.r.c.RepositoryConfigurationDelegate : Bootstrapping Spring Data JPA repositories in DEFAULT mode.
2026-04-23T07:40:40.092-04:00  INFO 8885 --- [           main] .s.d.r.c.RepositoryConfigurationDelegate : Finished Spring Data repository scanning in 152 ms. Found 31 JPA repository interfaces.
2026-04-23T07:40:40.711-04:00  INFO 8885 --- [           main] o.s.b.w.embedded.tomcat.TomcatWebServer  : Tomcat initialized with port 8080 (http)
2026-04-23T07:40:40.725-04:00  INFO 8885 --- [           main] o.apache.catalina.core.StandardService   : Starting service [Tomcat]
2026-04-23T07:40:40.725-04:00  INFO 8885 --- [           main] o.apache.catalina.core.StandardEngine    : Starting Servlet engine: [Apache Tomcat/10.1.26]
2026-04-23T07:40:40.780-04:00  INFO 8885 --- [           main] o.a.c.c.C.[Tomcat].[localhost].[/]       : Initializing Spring embedded WebApplicationContext
2026-04-23T07:40:40.781-04:00  INFO 8885 --- [           main] w.s.c.ServletWebServerApplicationContext : Root WebApplicationContext: initialization completed in 1572 ms
2026-04-23T07:40:40.965-04:00  INFO 8885 --- [           main] o.hibernate.jpa.internal.util.LogHelper  : HHH000204: Processing PersistenceUnitInfo [name: default]
2026-04-23T07:40:41.008-04:00  INFO 8885 --- [           main] org.hibernate.Version                    : HHH000412: Hibernate ORM core version 6.5.2.Final
2026-04-23T07:40:41.040-04:00  INFO 8885 --- [           main] o.h.c.internal.RegionFactoryInitiator    : HHH000026: Second-level cache disabled
2026-04-23T07:40:41.567-04:00  INFO 8885 --- [           main] o.s.o.j.p.SpringPersistenceUnitInfo      : No LoadTimeWeaver setup: ignoring JPA class transformer
2026-04-23T07:40:41.625-04:00  INFO 8885 --- [           main] com.zaxxer.hikari.HikariDataSource       : HikariPool-1 - Starting...
2026-04-23T07:40:41.792-04:00  INFO 8885 --- [           main] com.zaxxer.hikari.pool.HikariPool        : HikariPool-1 - Added connection com.mysql.cj.jdbc.ConnectionImpl@5c9a4f3b
2026-04-23T07:40:41.794-04:00  INFO 8885 --- [           main] com.zaxxer.hikari.HikariDataSource       : HikariPool-1 - Start completed.
2026-04-23T07:40:41.830-04:00  WARN 8885 --- [           main] org.hibernate.orm.deprecation            : HHH90000025: MySQL8Dialect does not need to be specified explicitly using 'hibernate.dialect' (remove the property setting and it will be selected by default)
2026-04-23T07:40:41.831-04:00  WARN 8885 --- [           main] org.hibernate.orm.deprecation            : HHH90000026: MySQL8Dialect has been deprecated; use org.hibernate.dialect.MySQLDialect instead
2026-04-23T07:40:43.291-04:00  INFO 8885 --- [           main] o.h.e.t.j.p.i.JtaPlatformInitiator       : HHH000489: No JTA platform available (set 'hibernate.transaction.jta.platform' to enable JTA platform integration)
Hibernate: 
    alter table campground_map_element 
       modify column polygon_json TEXT
Hibernate: 
    alter table campsite 
       modify column map_polygon_json TEXT
2026-04-23T07:40:43.730-04:00  INFO 8885 --- [           main] j.LocalContainerEntityManagerFactoryBean : Initialized JPA EntityManagerFactory for persistence unit 'default'
2026-04-23T07:40:44.273-04:00  INFO 8885 --- [           main] o.s.d.j.r.query.QueryEnhancerFactory     : Hibernate is in classpath; If applicable, HQL parser will be used.
2026-04-23T07:40:45.053-04:00  WARN 8885 --- [           main] JpaBaseConfiguration$JpaWebConfiguration : spring.jpa.open-in-view is enabled by default. Therefore, database queries may be performed during view rendering. Explicitly configure spring.jpa.open-in-view to disable this warning
2026-04-23T07:40:45.106-04:00  INFO 8885 --- [           main] eAuthenticationProviderManagerConfigurer : Global AuthenticationManager configured with AuthenticationProvider bean with name authenticationProvider
2026-04-23T07:40:45.107-04:00  WARN 8885 --- [           main] r$InitializeUserDetailsManagerConfigurer : Global AuthenticationManager configured with an AuthenticationProvider bean. UserDetailsService beans will not be used for username/password login. Consider removing the AuthenticationProvider bean. Alternatively, consider using the UserDetailsService in a manually instantiated DaoAuthenticationProvider.
2026-04-23T07:40:45.555-04:00  INFO 8885 --- [           main] o.s.b.w.embedded.tomcat.TomcatWebServer  : Tomcat started on port 8080 (http) with context path '/'
2026-04-23T07:40:45.563-04:00  INFO 8885 --- [           main] c.g.r.ReserveCampingApplication          : Started ReserveCampingApplication in 6.85 seconds (process running for 7.24)

> Task :bootRun FAILED
